++++++++ 05/13/16 11:51:49 ++++++++
Sample size=6768
Excluded Obs.:       3960
Total obs. in files: 10727
Number of cases:     12375
Statistics of attributes
++++++++++++++++++++++++
Name	Nbr	Mean	Min	Max	Recommended/Conservative upper bounds for Box-Cox
CAR_CO_SCALED	6768	0.786539	0	5.2	
CAR_TT_SCALED	6768	1.23154	0	15.6	
CHOICE	6768	2.12735	1	3	
PURPOSE	6768	2.53435	1	3	
SM_COST_SCALED	6768	1.02295	0	7.68	
SM_TT_SCALED	6768	0.845042	0.12	7.96	
TRAIN_COST_SCALED	6768	0.843507	0	5.76	
TRAIN_TT_SCALED	6768	1.66069	0.35	10.22	
one	6768	1	1	1	
Nbr of times alternatives are available
Alt	#
1	6768
2	6768
3	5607
Nbr of times alternatives are chosen
Alt	#
1	908
2	4090
3	1770
Group membership
Group	#
1	6768
