This file has automatically been generated.
07/08/16 13:44:03
Michel Bierlaire, EPFL

biogeme 2.4 [Sun Oct 25 23:01:47 WEST 2015]
Michel Bierlaire, EPFL

[13:44:03]patFileNames.cc:52  models/08jul_nested2.par does not exist
[13:44:03]patFileNames.cc:56  Trying default.par instead
[13:44:03]patBiogeme.cc:134  Read default.par
 Read headers in models-data/data_30junB.dat
 13 headers read in models-data/data_30junB.dat
 Total number of different headers: 13
 Read file models/08jul_nested2.mod
 Opening file models-data/data_30junB.dat
 Data  file... line 500	Memory: 59 Kb
 Total obs.:   837
 Total memory: 99.8398 Kb
 Detailed info in models/08jul_nested2.sta
 Nbr of attributes: 14
 Nbr of alternatives: 4
 Sample size: 838
 Nbr of groups: 1
 Nbr of betas: 7
 Run time for data processing: 00:00
 Dimension of the optimisation problem = 7
 Utility function: Linear-in-parameters
 Init loglike=-985.941
     gmax Iter   radius        f(x)     Status       rhok nFree
 +1.01e+000    1 1.00e+000 +9.8594093e+002 ****Converg  +1.12e+000 7  ++ P
 +1.01e+000    2 2.00e+000 +9.2254476e+002 ****Converg  +1.44e+000 7  ++ P
 +1.01e+000    3 4.00e+000 +7.2983116e+002 ****Converg  +9.86e-001 7  ++ P
 +3.18e-001    4 8.00e+000 +6.1710443e+002 ****Converg  +1.04e+000 7  ++ P
 +7.10e-001    5 1.60e+001 +6.1594681e+002 ****Converg  +9.18e-001 7  ++ P
 +1.01e+000    6 3.20e+001 +6.1020686e+002 ****Converg  +1.77e+000 7  ++ P
 +1.01e+000    7 6.40e+001 +6.0783197e+002 ****Converg  +1.58e+000 7  ++ P
 +1.01e+000    8 1.28e+002 +6.0625533e+002 ****Converg  +1.04e+000 7  ++ P
 +6.50e-002    9 2.56e+002 +6.0560856e+002 ****Converg  +1.32e-001 7  +  P
 +5.11e-001   10 2.56e+002 +5.9039958e+002 ****Converg  +8.35e-001 7  +  P
 +9.75e-002   11 2.56e+002 +5.9022065e+002 ****Converg  -3.74e+000 7  -  P
 +9.75e-002   12 8.42e-002 +5.9022065e+002 ****OutTrReg +2.38e-001 7  +  P
 +5.85e-001   13 8.42e-002 +5.9012504e+002 ****Converg  +6.94e-001 7  +  P
 +1.44e-001   14 8.42e-002 +5.8999240e+002 ****Converg  +4.24e-001 7  +  P
 +9.99e-002   15 8.42e-002 +5.8998423e+002 ****Converg  +3.97e-001 7  +  P
 +6.98e-002   16 8.42e-002 +5.8998048e+002 ****Converg  +4.29e-001 7  +  P
 +4.74e-002   17 8.42e-002 +5.8997856e+002 ****Converg  -1.34e-001 7  -  P
 +4.74e-002   18 1.99e-002 +5.8997856e+002 ****OutTrReg +3.95e-001 7  +  P
 +1.06e-001   19 1.99e-002 +5.8996444e+002 ****Converg  +4.36e-001 7  +  P
 +7.50e-002   20 1.99e-002 +5.8995923e+002 ****Converg  +4.99e-001 7  +  P
 +4.01e-002   21 1.99e-002 +5.8995666e+002 ****Converg  +4.34e-001 7  +  P
 +2.71e-002   22 1.99e-002 +5.8995592e+002 ****Converg  +4.88e-001 7  +  P
 +1.56e-002   23 1.99e-002 +5.8995558e+002 ****OutTrReg +7.04e-001 7  +  P
 +4.31e-002   24 1.99e-002 +5.8994840e+002 ****Converg  +4.09e-001 7  +  P
 +2.79e-002   25 1.99e-002 +5.8994766e+002 ****Converg  +4.60e-001 7  +  P
 +1.64e-002   26 1.99e-002 +5.8994734e+002 ****Converg  -5.10e-001 7  -  P
 +1.64e-002   27 8.08e-003 +5.8994734e+002 ****OutTrReg +2.97e-001 7  +  P
 +4.01e-002   28 8.08e-003 +5.8994622e+002 ****Converg  +4.29e-001 7  +  P
 +2.53e-002   29 8.08e-003 +5.8994556e+002 ****Converg  +4.86e-001 7  +  P
 +1.37e-002   30 8.08e-003 +5.8994528e+002 ****Converg  +4.21e-001 7  +  P
 +9.41e-003   31 8.08e-003 +5.8994519e+002 ****Converg  +4.90e-001 7  +  P
 +5.79e-003   32 8.08e-003 +5.8994515e+002 ****OutTrReg +3.04e-001 7  +  P
 +2.92e-002   33 8.08e-003 +5.8994455e+002 ****Converg  +4.10e-001 7  +  P
 +1.98e-002   34 8.08e-003 +5.8994420e+002 ****Converg  +4.73e-001 7  +  P
 +1.15e-002   35 8.08e-003 +5.8994403e+002 ****Converg  +4.39e-001 7  +  P
 +8.49e-003   36 8.08e-003 +5.8994393e+002 ****Converg  +7.11e-001 7  +  P
 +4.97e-003   37 8.08e-003 +5.8994381e+002 ****OutTrReg -1.57e-001 7  -  P
 +4.97e-003   38 4.04e-003 +5.8994381e+002 ****OutTrReg +4.77e-001 7  +  P
 +1.73e-002   39 4.04e-003 +5.8994337e+002 ****Converg  +4.23e-001 7  +  P
 +1.10e-002   40 4.04e-003 +5.8994325e+002 ****Converg  +4.78e-001 7  +  P
 +6.20e-003   41 4.04e-003 +5.8994320e+002 ****Converg  +4.16e-001 7  +  P
 +4.37e-003   42 4.04e-003 +5.8994318e+002 ****Converg  +4.78e-001 7  +  P
 +2.88e-003   43 4.04e-003 +5.8994317e+002 ****OutTrReg +5.74e-001 7  +  P
 +1.17e-002   44 4.04e-003 +5.8994286e+002 ****Converg  +5.12e-001 7  +  P
 +7.39e-003   45 4.04e-003 +5.8994276e+002 ****Converg  +4.33e-001 7  +  P
 +4.87e-003   46 4.04e-003 +5.8994274e+002 ****Converg  +4.38e-001 7  +  P
 +3.30e-003   47 4.04e-003 +5.8994273e+002 ****OutTrReg +6.98e-001 7  +  P
 +8.61e-003   48 4.04e-003 +5.8994250e+002 ****Converg  +4.40e-001 7  +  P
 +4.73e-003   49 4.04e-003 +5.8994248e+002 ****Converg  +4.59e-001 7  +  P
 +2.85e-003   50 4.04e-003 +5.8994247e+002 ****OutTrReg -9.57e-001 7  -  P
 +2.85e-003   51 2.02e-003 +5.8994247e+002 ****OutTrReg +1.94e-001 7  +  P
 +1.10e-002   52 2.02e-003 +5.8994242e+002 ****Converg  +4.25e-001 7  +  P
 +6.32e-003   53 2.02e-003 +5.8994238e+002 ****Converg  +4.51e-001 7  +  P
 +3.55e-003   54 2.02e-003 +5.8994236e+002 ****Converg  +4.13e-001 7  +  P
 +2.32e-003   55 2.02e-003 +5.8994236e+002 ****Converg  +4.66e-001 7  +  P
 +1.48e-003   56 2.02e-003 +5.8994236e+002 ****OutTrReg +1.34e-001 7  +  P
 +7.61e-003   57 2.02e-003 +5.8994234e+002 ****Converg  +4.15e-001 7  +  P
 +5.05e-003   58 2.02e-003 +5.8994232e+002 ****Converg  +4.86e-001 7  +  P
 +2.82e-003   59 2.02e-003 +5.8994231e+002 ****Converg  +4.34e-001 7  +  P
 +2.14e-003   60 2.02e-003 +5.8994230e+002 ****Converg  +7.24e-001 7  +  P
 +1.23e-003   61 2.02e-003 +5.8994229e+002 ****OutTrReg -5.20e-001 7  -  P
 +1.23e-003   62 1.01e-003 +5.8994229e+002 ****OutTrReg +3.24e-001 7  +  P
 +5.19e-003   63 1.01e-003 +5.8994227e+002 ****Converg  +4.18e-001 7  +  P
 +3.31e-003   64 1.01e-003 +5.8994226e+002 ****Converg  +4.70e-001 7  +  P
 +1.87e-003   65 1.01e-003 +5.8994226e+002 ****Converg  +4.11e-001 7  +  P
 +1.28e-003   66 1.01e-003 +5.8994225e+002 ****Converg  +4.72e-001 7  +  P
 +8.09e-004   67 1.01e-003 +5.8994225e+002 ****OutTrReg +5.10e-001 7  +  P
 +3.12e-003   68 1.01e-003 +5.8994224e+002 ****Converg  +4.13e-001 7  +  P
 +2.09e-003   69 1.01e-003 +5.8994224e+002 ****Converg  +4.84e-001 7  +  P
 +1.19e-003   70 1.01e-003 +5.8994223e+002 ****OutTrReg -2.43e-001 7  -  P
 +1.19e-003   71 5.05e-004 +5.8994223e+002 ****OutTrReg +3.52e-001 7  +  P
 +2.90e-003   72 5.05e-004 +5.8994223e+002 ****Converg  +4.18e-001 7  +  P
 +1.87e-003   73 5.05e-004 +5.8994222e+002 ****Converg  +4.69e-001 7  +  P
 +1.07e-003   74 5.05e-004 +5.8994222e+002 ****Converg  +4.13e-001 7  +  P
 +7.37e-004   75 5.05e-004 +5.8994222e+002 ****Converg  +4.69e-001 7  +  P
 +4.80e-004   76 5.05e-004 +5.8994222e+002 ****OutTrReg +6.99e-001 7  +  P
 +1.43e-003   77 5.05e-004 +5.8994221e+002 ****Converg  +5.55e-001 7  +  P
 +8.71e-004   78 5.05e-004 +5.8994221e+002 ****Converg  +4.36e-001 7  +  P
 +5.98e-004   79 5.05e-004 +5.8994221e+002 ****OutTrReg +3.48e-001 7  +  P
 +2.09e-003   80 5.05e-004 +5.8994221e+002 ****Converg  +4.65e-001 7  +  P
 +1.24e-003   81 5.05e-004 +5.8994221e+002 ****Converg  +4.40e-001 7  +  P
 +8.20e-004   82 5.05e-004 +5.8994220e+002 ****OutTrReg +1.16e-001 7  +  P
 +2.55e-003   83 5.05e-004 +5.8994220e+002 ****Converg  +4.52e-001 7  +  P
 +1.39e-003   84 5.05e-004 +5.8994220e+002 ****Converg  +4.40e-001 7  +  P
 +8.47e-004   85 5.05e-004 +5.8994220e+002 ****Converg  +4.32e-001 7  +  P
 +5.60e-004   86 5.05e-004 +5.8994220e+002 ****OutTrReg +2.80e-001 7  +  P
 +1.90e-003   87 5.05e-004 +5.8994220e+002 ****Converg  +4.31e-001 7  +  P
 +1.09e-003   88 5.05e-004 +5.8994220e+002 ****Converg  +4.51e-001 7  +  P
 +6.50e-004   89 5.05e-004 +5.8994220e+002 ****OutTrReg -3.40e-001 7  -  P
 +6.50e-004   90 2.53e-004 +5.8994220e+002 ****OutTrReg +3.61e-001 7  +  P
 +1.72e-003   91 2.53e-004 +5.8994219e+002 ****Converg  +4.22e-001 7  +  P
 +1.04e-003   92 2.53e-004 +5.8994219e+002 ****Converg  +4.62e-001 7  +  P
 +5.89e-004   93 2.53e-004 +5.8994219e+002 ****Converg  +4.20e-001 7  +  P
 +3.85e-004   94 2.53e-004 +5.8994219e+002 ****Converg  +4.60e-001 7  +  P
 +2.44e-004   95 2.53e-004 +5.8994219e+002 ****OutTrReg +8.34e-001 7  +  P
 +4.84e-004   96 2.53e-004 +5.8994219e+002 ****Converg  +6.69e-001 7  +  P
 +3.37e-004   97 2.53e-004 +5.8994219e+002 ****Converg  +6.44e-001 7  +  P
 +1.91e-004   98 2.53e-004 +5.8994219e+002 ****OutTrReg +7.83e-001 7  +  P
 +7.29e-004   99 2.53e-004 +5.8994219e+002 ****Converg  +4.13e-001 7  +  P
 +4.51e-004  100 2.53e-004 +5.8994219e+002 ****Converg  +4.74e-001 7  +  P
 +2.74e-004  101 2.53e-004 +5.8994219e+002 ****OutTrReg +4.05e-001 7  +  P
 +1.01e-003  102 2.53e-004 +5.8994218e+002 ****Converg  +5.12e-001 7  +  P
 +6.40e-004  103 2.53e-004 +5.8994218e+002 ****Converg  +4.33e-001 7  +  P
 +4.16e-004  104 2.53e-004 +5.8994218e+002 ****Converg  +4.43e-001 7  +  P
 +2.78e-004  105 2.53e-004 +5.8994218e+002 ****OutTrReg +9.01e-001 7  ++ P
 +4.93e-004  106 5.05e-004 +5.8994218e+002 ****Converg  +7.88e-001 7  +  P
 +1.84e-004  107 5.05e-004 +5.8994218e+002 ****OutTrReg +7.03e-001 7  +  P
 +9.36e-004  108 5.05e-004 +5.8994218e+002 ****Converg  +4.10e-001 7  +  P
 +6.29e-004  109 5.05e-004 +5.8994218e+002 ****Converg  +4.76e-001 7  +  P
 +3.69e-004  110 5.05e-004 +5.8994218e+002 ****Converg  -9.49e-001 7  -  P
 +3.69e-004  111 2.29e-004 +5.8994218e+002 ****OutTrReg +2.05e-001 7  +  P
 +1.42e-003  112 2.29e-004 +5.8994218e+002 ****Converg  +4.15e-001 7  +  P
 +8.96e-004  113 2.29e-004 +5.8994218e+002 ****Converg  +4.75e-001 7  +  P
 +5.04e-004  114 2.29e-004 +5.8994218e+002 ****OutTrReg +2.75e-001 7  +  P
 +1.27e-003  115 2.29e-004 +5.8994217e+002 ****Converg  +4.17e-001 7  +  P
 +8.08e-004  116 2.29e-004 +5.8994217e+002 ****Converg  +4.69e-001 7  +  P
 +4.58e-004  117 2.29e-004 +5.8994217e+002 ****Converg  +4.08e-001 7  +  P
 +3.24e-004  118 2.29e-004 +5.8994217e+002 ****Converg  +4.74e-001 7  +  P
 +2.14e-004  119 2.29e-004 +5.8994217e+002 ****OutTrReg +3.59e-001 7  +  P
 +1.16e-003  120 2.29e-004 +5.8994217e+002 ****Converg  +4.71e-001 7  +  P
 +6.97e-004  121 2.29e-004 +5.8994217e+002 ****Converg  +4.40e-001 7  +  P
 +4.77e-004  122 2.29e-004 +5.8994217e+002 ****Converg  +4.42e-001 7  +  P
 +3.33e-004  123 2.29e-004 +5.8994217e+002 ****OutTrReg +8.08e-001 7  +  P
 +5.71e-004  124 2.29e-004 +5.8994217e+002 ****Converg  +4.99e-001 7  +  P
 +3.56e-004  125 2.29e-004 +5.8994217e+002 ****Converg  +5.92e-001 7  +  P
 +2.03e-004  126 2.29e-004 +5.8994217e+002 ****OutTrReg +7.96e-001 7  +  P
 +6.10e-004  127 2.29e-004 +5.8994217e+002 ****Converg  +4.12e-001 7  +  P
 +3.96e-004  128 2.29e-004 +5.8994217e+002 ****Converg  +4.78e-001 7  +  P
 +2.43e-004  129 2.29e-004 +5.8994217e+002 ****OutTrReg +5.08e-001 7  +  P
 +8.25e-004  130 2.29e-004 +5.8994216e+002 ****Converg  +5.14e-001 7  +  P
 +5.20e-004  131 2.29e-004 +5.8994216e+002 ****Converg  +4.33e-001 7  +  P
 +3.47e-004  132 2.29e-004 +5.8994216e+002 ****Converg  +4.45e-001 7  +  P
 +2.37e-004  133 2.29e-004 +5.8994216e+002 ****OutTrReg +9.30e-001 7  ++ P
 +3.57e-004  134 4.59e-004 +5.8994216e+002 ****Converg  +8.85e-001 7  +  P
 +1.05e-004  135 4.59e-004 +5.8994216e+002 ****OutTrReg +7.99e-001 7  +  P
 +7.35e-004  136 4.59e-004 +5.8994216e+002 ****Converg  +4.72e-001 7  +  P
 +4.76e-004  137 4.59e-004 +5.8994216e+002 ****Converg  +5.84e-001 7  +  P
 +2.69e-004  138 4.59e-004 +5.8994216e+002 ****OutTrReg -7.64e-001 7  -  P
 +2.69e-004  139 2.29e-004 +5.8994216e+002 ****OutTrReg +3.04e-001 7  +  P
 +1.21e-003  140 2.29e-004 +5.8994216e+002 ****Converg  +4.17e-001 7  +  P
 +7.24e-004  141 2.29e-004 +5.8994216e+002 ****Converg  +4.69e-001 7  +  P
 +4.12e-004  142 2.29e-004 +5.8994216e+002 ****OutTrReg +2.24e-001 7  +  P
 +1.29e-003  143 2.29e-004 +5.8994216e+002 ****Converg  +4.17e-001 7  +  P
 +8.85e-004  144 2.29e-004 +5.8994215e+002 ****Converg  +4.80e-001 7  +  P
 +5.04e-004  145 2.29e-004 +5.8994215e+002 ****Converg  +4.08e-001 7  +  P
 +3.59e-004  146 2.29e-004 +5.8994215e+002 ****Converg  +4.79e-001 7  +  P
 +2.27e-004  147 2.29e-004 +5.8994215e+002 ****OutTrReg +3.34e-001 7  +  P
 +1.15e-003  148 2.29e-004 +5.8994215e+002 ****Converg  +4.12e-001 7  +  P
 +7.54e-004  149 2.29e-004 +5.8994215e+002 ****Converg  +4.83e-001 7  +  P
 +4.30e-004  150 2.29e-004 +5.8994215e+002 ****OutTrReg +2.44e-001 7  +  P
 +1.30e-003  151 2.29e-004 +5.8994215e+002 ****Converg  +4.17e-001 7  +  P
 +8.27e-004  152 2.29e-004 +5.8994215e+002 ****Converg  +4.71e-001 7  +  P
 +4.67e-004  153 2.29e-004 +5.8994215e+002 ****Converg  +4.08e-001 7  +  P
 +3.28e-004  154 2.29e-004 +5.8994215e+002 ****Converg  +4.76e-001 7  +  P
 +2.13e-004  155 2.29e-004 +5.8994215e+002 ****OutTrReg +3.05e-001 7  +  P
 +1.15e-003  156 2.29e-004 +5.8994215e+002 ****Converg  +4.12e-001 7  +  P
 +7.90e-004  157 2.29e-004 +5.8994215e+002 ****Converg  +4.87e-001 7  +  P
 +4.51e-004  158 2.29e-004 +5.8994215e+002 ****OutTrReg +2.31e-001 7  +  P
 +1.32e-003  159 2.29e-004 +5.8994215e+002 ****Converg  +4.18e-001 7  +  P
 +8.25e-004  160 2.29e-004 +5.8994215e+002 ****Converg  +4.68e-001 7  +  P
 +4.64e-004  161 2.29e-004 +5.8994215e+002 ****Converg  +4.08e-001 7  +  P
 +3.24e-004  162 2.29e-004 +5.8994215e+002 ****Converg  +4.76e-001 7  +  P
 +2.11e-004  163 2.29e-004 +5.8994215e+002 ****OutTrReg +2.77e-001 7  +  P
 +1.17e-003  164 2.29e-004 +5.8994215e+002 ****Converg  +4.13e-001 7  +  P
 +8.06e-004  165 2.29e-004 +5.8994215e+002 ****Converg  +4.88e-001 7  +  P
 +4.60e-004  166 2.29e-004 +5.8994214e+002 ****OutTrReg +2.19e-001 7  +  P
 +1.33e-003  167 2.29e-004 +5.8994214e+002 ****Converg  +4.18e-001 7  +  P
 +8.29e-004  168 2.29e-004 +5.8994214e+002 ****Converg  +4.68e-001 7  +  P
 +4.65e-004  169 2.29e-004 +5.8994214e+002 ****Converg  +4.08e-001 7  +  P
 +3.25e-004  170 2.29e-004 +5.8994214e+002 ****Converg  +4.76e-001 7  +  P
 +2.11e-004  171 2.29e-004 +5.8994214e+002 ****OutTrReg +2.57e-001 7  +  P
 +1.18e-003  172 2.29e-004 +5.8994214e+002 ****Converg  +4.13e-001 7  +  P
 +8.12e-004  173 2.29e-004 +5.8994214e+002 ****Converg  +4.88e-001 7  +  P
 +4.63e-004  174 2.29e-004 +5.8994214e+002 ****OutTrReg +2.09e-001 7  +  P
 +1.34e-003  175 2.29e-004 +5.8994214e+002 ****Converg  +4.18e-001 7  +  P
 +8.32e-004  176 2.29e-004 +5.8994214e+002 ****Converg  +4.67e-001 7  +  P
 +4.67e-004  177 2.29e-004 +5.8994214e+002 ****Converg  +4.08e-001 7  +  P
 +3.25e-004  178 2.29e-004 +5.8994214e+002 ****Converg  +4.76e-001 7  +  P
 +2.11e-004  179 2.29e-004 +5.8994214e+002 ****OutTrReg +2.39e-001 7  +  P
 +1.18e-003  180 2.29e-004 +5.8994214e+002 ****Converg  +4.13e-001 7  +  P
 +8.14e-004  181 2.29e-004 +5.8994214e+002 ****Converg  +4.88e-001 7  +  P
 +4.64e-004  182 2.29e-004 +5.8994214e+002 ****OutTrReg +1.99e-001 7  +  P
 +1.35e-003  183 2.29e-004 +5.8994214e+002 ****Converg  +4.18e-001 7  +  P
 +8.36e-004  184 2.29e-004 +5.8994214e+002 ****Converg  +4.67e-001 7  +  P
 +4.69e-004  185 2.29e-004 +5.8994214e+002 ****Converg  +4.08e-001 7  +  P
 +3.26e-004  186 2.29e-004 +5.8994214e+002 ****Converg  +4.76e-001 7  +  P
 +2.11e-004  187 2.29e-004 +5.8994214e+002 ****OutTrReg +2.23e-001 7  +  P
 +1.19e-003  188 2.29e-004 +5.8994214e+002 ****Converg  +4.13e-001 7  +  P
 +8.15e-004  189 2.29e-004 +5.8994213e+002 ****Converg  +4.87e-001 7  +  P
 +4.64e-004  190 2.29e-004 +5.8994213e+002 ****OutTrReg +1.89e-001 7  +  P
 +1.36e-003  191 2.29e-004 +5.8994213e+002 ****Converg  +4.18e-001 7  +  P
 +8.39e-004  192 2.29e-004 +5.8994213e+002 ****Converg  +4.67e-001 7  +  P
 +4.70e-004  193 2.29e-004 +5.8994213e+002 ****Converg  +4.08e-001 7  +  P
 +3.27e-004  194 2.29e-004 +5.8994213e+002 ****Converg  +4.76e-001 7  +  P
 +2.12e-004  195 2.29e-004 +5.8994213e+002 ****OutTrReg +2.07e-001 7  +  P
 +1.20e-003  196 2.29e-004 +5.8994213e+002 ****Converg  +4.13e-001 7  +  P
 +8.16e-004  197 2.29e-004 +5.8994213e+002 ****Converg  +4.87e-001 7  +  P
 +4.64e-004  198 2.29e-004 +5.8994213e+002 ****OutTrReg +1.79e-001 7  +  P
 +1.37e-003  199 2.29e-004 +5.8994213e+002 ****Converg  +4.18e-001 7  +  P
 +8.43e-004  200 2.29e-004 +5.8994213e+002 ****Converg  +4.67e-001 7  +  P
 +4.72e-004  201 2.29e-004 +5.8994213e+002 ****Converg  +4.08e-001 7  +  P
 +3.28e-004  202 2.29e-004 +5.8994213e+002 ****Converg  +4.77e-001 7  +  P
 +2.12e-004  203 2.29e-004 +5.8994213e+002 ****OutTrReg +1.91e-001 7  +  P
 +1.21e-003  204 2.29e-004 +5.8994213e+002 ****Converg  +4.13e-001 7  +  P
 +8.17e-004  205 2.29e-004 +5.8994213e+002 ****Converg  +4.87e-001 7  +  P
 +4.64e-004  206 2.29e-004 +5.8994213e+002 ****OutTrReg +1.70e-001 7  +  P
 +1.37e-003  207 2.29e-004 +5.8994213e+002 ****Converg  +4.18e-001 7  +  P
 +8.47e-004  208 2.29e-004 +5.8994213e+002 ****Converg  +4.67e-001 7  +  P
 +4.73e-004  209 2.29e-004 +5.8994213e+002 ****Converg  +4.08e-001 7  +  P
 +3.29e-004  210 2.29e-004 +5.8994213e+002 ****Converg  +4.77e-001 7  +  P
 +2.12e-004  211 2.29e-004 +5.8994213e+002 ****OutTrReg +1.76e-001 7  +  P
 +1.21e-003  212 2.29e-004 +5.8994213e+002 ****Converg  +4.13e-001 7  +  P
 +8.19e-004  213 2.29e-004 +5.8994213e+002 ****Converg  +4.86e-001 7  +  P
 +4.64e-004  214 2.29e-004 +5.8994212e+002 ****OutTrReg +1.60e-001 7  +  P
 +1.38e-003  215 2.29e-004 +5.8994212e+002 ****Converg  +4.18e-001 7  +  P
 +8.50e-004  216 2.29e-004 +5.8994212e+002 ****Converg  +4.67e-001 7  +  P
 +4.75e-004  217 2.29e-004 +5.8994212e+002 ****Converg  +4.07e-001 7  +  P
 +3.30e-004  218 2.29e-004 +5.8994212e+002 ****Converg  +4.77e-001 7  +  P
 +2.12e-004  219 2.29e-004 +5.8994212e+002 ****OutTrReg +1.60e-001 7  +  P
 +1.22e-003  220 2.29e-004 +5.8994212e+002 ****Converg  +4.13e-001 7  +  P
 +8.20e-004  221 2.29e-004 +5.8994212e+002 ****Converg  +4.86e-001 7  +  P
 +4.64e-004  222 2.29e-004 +5.8994212e+002 ****OutTrReg +1.50e-001 7  +  P
 +1.39e-003  223 2.29e-004 +5.8994212e+002 ****Converg  +4.18e-001 7  +  P
 +8.54e-004  224 2.29e-004 +5.8994212e+002 ****Converg  +4.67e-001 7  +  P
 +4.77e-004  225 2.29e-004 +5.8994212e+002 ****Converg  +4.07e-001 7  +  P
 +3.31e-004  226 2.29e-004 +5.8994212e+002 ****Converg  +4.77e-001 7  +  P
 +2.13e-004  227 2.29e-004 +5.8994212e+002 ****OutTrReg +1.45e-001 7  +  P
 +1.23e-003  228 2.29e-004 +5.8994212e+002 ****Converg  +4.13e-001 7  +  P
 +8.22e-004  229 2.29e-004 +5.8994212e+002 ****Converg  +4.86e-001 7  +  P
 +4.65e-004  230 2.29e-004 +5.8994212e+002 ****OutTrReg +1.40e-001 7  +  P
 +1.40e-003  231 2.29e-004 +5.8994212e+002 ****Converg  +4.19e-001 7  +  P
 +8.57e-004  232 2.29e-004 +5.8994212e+002 ****Converg  +4.67e-001 7  +  P
 +4.78e-004  233 2.29e-004 +5.8994212e+002 ****Converg  +4.07e-001 7  +  P
 +3.32e-004  234 2.29e-004 +5.8994212e+002 ****Converg  +4.78e-001 7  +  P
 +2.13e-004  235 2.29e-004 +5.8994212e+002 ****OutTrReg +1.30e-001 7  +  P
 +1.23e-003  236 2.29e-004 +5.8994212e+002 ****Converg  +4.13e-001 7  +  P
 +8.24e-004  237 2.29e-004 +5.8994212e+002 ****Converg  +4.85e-001 7  +  P
 +4.65e-004  238 2.29e-004 +5.8994212e+002 ****OutTrReg +1.30e-001 7  +  P
 +1.40e-003  239 2.29e-004 +5.8994212e+002 ****Converg  +4.19e-001 7  +  P
 +8.61e-004  240 2.29e-004 +5.8994211e+002 ****Converg  +4.67e-001 7  +  P
 +4.80e-004  241 2.29e-004 +5.8994211e+002 ****Converg  +4.07e-001 7  +  P
 +3.33e-004  242 2.29e-004 +5.8994211e+002 ****Converg  +4.78e-001 7  +  P
 +2.13e-004  243 2.29e-004 +5.8994211e+002 ****OutTrReg +1.15e-001 7  +  P
 +1.24e-003  244 2.29e-004 +5.8994211e+002 ****Converg  +4.13e-001 7  +  P
 +8.26e-004  245 2.29e-004 +5.8994211e+002 ****Converg  +4.85e-001 7  +  P
 +4.66e-004  246 2.29e-004 +5.8994211e+002 ****OutTrReg +1.20e-001 7  +  P
 +1.41e-003  247 2.29e-004 +5.8994211e+002 ****Converg  +4.19e-001 7  +  P
 +8.64e-004  248 2.29e-004 +5.8994211e+002 ****Converg  +4.67e-001 7  +  P
 +4.82e-004  249 2.29e-004 +5.8994211e+002 ****Converg  +4.07e-001 7  +  P
 +3.34e-004  250 2.29e-004 +5.8994211e+002 ****Converg  +4.78e-001 7  +  P
 +2.14e-004  251 2.29e-004 +5.8994211e+002 ****OutTrReg +1.00e-001 7  +  P
 +1.25e-003  252 2.29e-004 +5.8994211e+002 ****Converg  +4.13e-001 7  +  P
 +8.28e-004  253 2.29e-004 +5.8994211e+002 ****Converg  +4.85e-001 7  +  P
 +4.67e-004  254 2.29e-004 +5.8994211e+002 ****OutTrReg +1.09e-001 7  +  P
 +1.42e-003  255 2.29e-004 +5.8994211e+002 ****Converg  +4.19e-001 7  +  P
 +8.68e-004  256 2.29e-004 +5.8994211e+002 ****Converg  +4.67e-001 7  +  P
 +4.83e-004  257 2.29e-004 +5.8994211e+002 ****Converg  +4.07e-001 7  +  P
 +3.35e-004  258 2.29e-004 +5.8994211e+002 ****Converg  +4.78e-001 7  +  P
 +2.14e-004  259 2.29e-004 +5.8994211e+002 ****OutTrReg +8.60e-002 7  +  P
 +1.26e-003  260 2.29e-004 +5.8994211e+002 ****Converg  +4.13e-001 7  +  P
 +8.30e-004  261 2.29e-004 +5.8994211e+002 ****Converg  +4.85e-001 7  +  P
 +4.68e-004  262 2.29e-004 +5.8994211e+002 ****OutTrReg +9.90e-002 7  +  P
 +1.42e-003  263 2.29e-004 +5.8994211e+002 ****Converg  +4.19e-001 7  +  P
 +8.71e-004  264 2.29e-004 +5.8994211e+002 ****Converg  +4.67e-001 7  +  P
 +4.85e-004  265 2.29e-004 +5.8994211e+002 ****Converg  +4.07e-001 7  +  P
 +3.36e-004  266 2.29e-004 +5.8994211e+002 ****Converg  +4.79e-001 7  +  P
 +2.15e-004  267 2.29e-004 +5.8994211e+002 ****OutTrReg +7.19e-002 7  +  P
 +1.26e-003  268 2.29e-004 +5.8994211e+002 ****Converg  +4.13e-001 7  +  P
 +8.32e-004  269 2.29e-004 +5.8994210e+002 ****Converg  +4.84e-001 7  +  P
 +4.69e-004  270 2.29e-004 +5.8994210e+002 ****OutTrReg +8.86e-002 7  +  P
 +1.43e-003  271 2.29e-004 +5.8994210e+002 ****Converg  +4.19e-001 7  +  P
 +8.74e-004  272 2.29e-004 +5.8994210e+002 ****Converg  +4.67e-001 7  +  P
 +4.86e-004  273 2.29e-004 +5.8994210e+002 ****Converg  +4.07e-001 7  +  P
 +3.37e-004  274 2.29e-004 +5.8994210e+002 ****Converg  +4.79e-001 7  +  P
 +2.15e-004  275 2.29e-004 +5.8994210e+002 ****OutTrReg +5.82e-002 7  +  P
 +1.27e-003  276 2.29e-004 +5.8994210e+002 ****Converg  +4.14e-001 7  +  P
 +8.35e-004  277 2.29e-004 +5.8994210e+002 ****Converg  +4.84e-001 7  +  P
 +4.70e-004  278 2.29e-004 +5.8994210e+002 ****OutTrReg +7.81e-002 7  +  P
 +1.44e-003  279 2.29e-004 +5.8994210e+002 ****Converg  +4.19e-001 7  +  P
 +8.78e-004  280 2.29e-004 +5.8994210e+002 ****Converg  +4.67e-001 7  +  P
 +4.88e-004  281 2.29e-004 +5.8994210e+002 ****Converg  +4.07e-001 7  +  P
 +3.38e-004  282 2.29e-004 +5.8994210e+002 ****Converg  +4.79e-001 7  +  P
 +2.16e-004  283 2.29e-004 +5.8994210e+002 ****OutTrReg +4.48e-002 7  +  P
 +1.28e-003  284 2.29e-004 +5.8994210e+002 ****Converg  +4.14e-001 7  +  P
 +8.38e-004  285 2.29e-004 +5.8994210e+002 ****Converg  +4.84e-001 7  +  P
 +4.71e-004  286 2.29e-004 +5.8994210e+002 ****OutTrReg +6.76e-002 7  +  P
 +1.45e-003  287 2.29e-004 +5.8994210e+002 ****Converg  +4.19e-001 7  +  P
 +8.81e-004  288 2.29e-004 +5.8994210e+002 ****Converg  +4.67e-001 7  +  P
 +4.89e-004  289 2.29e-004 +5.8994210e+002 ****Converg  +4.07e-001 7  +  P
 +3.39e-004  290 2.29e-004 +5.8994210e+002 ****Converg  +4.79e-001 7  +  P
 +2.16e-004  291 2.29e-004 +5.8994210e+002 ****OutTrReg +3.17e-002 7  +  P
 +1.28e-003  292 2.29e-004 +5.8994210e+002 ****Converg  +4.14e-001 7  +  P
 +8.40e-004  293 2.29e-004 +5.8994210e+002 ****Converg  +4.84e-001 7  +  P
 +4.72e-004  294 2.29e-004 +5.8994210e+002 ****OutTrReg +5.70e-002 7  +  P
 +1.45e-003  295 2.29e-004 +5.8994210e+002 ****Converg  +4.19e-001 7  +  P
 +8.84e-004  296 2.29e-004 +5.8994210e+002 ****Converg  +4.67e-001 7  +  P
 +4.91e-004  297 2.29e-004 +5.8994209e+002 ****Converg  +4.06e-001 7  +  P
 +3.40e-004  298 2.29e-004 +5.8994209e+002 ****Converg  +4.80e-001 7  +  P
 +2.17e-004  299 2.29e-004 +5.8994209e+002 ****OutTrReg +1.90e-002 7  +  P
 +1.29e-003  300 2.29e-004 +5.8994209e+002 ****Converg  +4.14e-001 7  +  P
 +8.43e-004  301 2.29e-004 +5.8994209e+002 ****Converg  +4.84e-001 7  +  P
 +4.73e-004  302 2.29e-004 +5.8994209e+002 ****OutTrReg +4.62e-002 7  +  P
 +1.46e-003  303 2.29e-004 +5.8994209e+002 ****Converg  +4.19e-001 7  +  P
 +8.87e-004  304 2.29e-004 +5.8994209e+002 ****Converg  +4.67e-001 7  +  P
 +4.92e-004  305 2.29e-004 +5.8994209e+002 ****Converg  +4.06e-001 7  +  P
 +3.41e-004  306 2.29e-004 +5.8994209e+002 ****Converg  +4.80e-001 7  +  P
 +2.17e-004  307 2.29e-004 +5.8994209e+002 ****OutTrReg +6.67e-003 7  -  P
 +2.17e-004  308 1.15e-004 +5.8994209e+002 ****OutTrReg +3.30e-001 7  +  P
 +7.29e-004  309 1.15e-004 +5.8994209e+002 ****Converg  +6.26e-001 7  +  P
 +4.69e-004  310 1.15e-004 +5.8994209e+002 ****Converg  +4.30e-001 7  +  P
 +2.98e-004  311 1.15e-004 +5.8994209e+002 ****Converg  +4.50e-001 7  +  P
 +1.88e-004  312 1.15e-004 +5.8994209e+002 ****OutTrReg +9.73e-001 7  ++ P
 +1.07e-004  313 2.29e-004 +5.8994209e+002 ****OutTrReg +9.02e-001 7  ++ P
 +2.89e-004  314 4.59e-004 +5.8994209e+002 ****Converg  +4.15e-001 7  +  P
 +2.16e-004  315 4.59e-004 +5.8994209e+002 ****Converg  +4.72e-001 7  +  P
 +1.47e-004  316 4.59e-004 +5.8994209e+002 ****OutTrReg +1.49e-001 7  +  P
 +1.43e-003  317 4.59e-004 +5.8994209e+002 ****Converg  +4.13e-001 7  +  P
 +8.69e-004  318 4.59e-004 +5.8994209e+002 ****Converg  +4.80e-001 7  +  P
 +5.01e-004  319 4.59e-004 +5.8994209e+002 ****OutTrReg -1.06e+000 7  -  P
 +5.01e-004  320 2.29e-004 +5.8994209e+002 ****OutTrReg +8.03e-002 7  +  P
 +1.90e-003  321 2.29e-004 +5.8994209e+002 ****Converg  +4.20e-001 7  +  P
 +1.31e-003  322 2.29e-004 +5.8994208e+002 ****Converg  +4.82e-001 7  +  P
 +7.36e-004  323 2.29e-004 +5.8994208e+002 ****Converg  +4.13e-001 7  +  P
 +5.01e-004  324 2.29e-004 +5.8994208e+002 ****Converg  +4.80e-001 7  +  P
 +2.89e-004  325 2.29e-004 +5.8994208e+002 ****OutTrReg -2.31e-002 7  -  P
 +2.89e-004  326 1.15e-004 +5.8994208e+002 ****OutTrReg +4.49e-001 7  +  P
 +7.23e-004  327 1.15e-004 +5.8994208e+002 ****Converg  +4.19e-001 7  +  P
 +4.83e-004  328 1.15e-004 +5.8994208e+002 ****Converg  +4.79e-001 7  +  P
 +2.78e-004  329 1.15e-004 +5.8994208e+002 ****Converg  +5.12e-001 7  +  P
 +1.88e-004  330 1.15e-004 +5.8994208e+002 ****Converg  +7.45e-001 7  +  P
 +1.08e-004  331 1.15e-004 +5.8994208e+002 ****OutTrReg +8.51e-001 7  +  P
 +2.48e-004  332 1.15e-004 +5.8994208e+002 ****Converg  +6.29e-001 7  +  P
 +1.55e-004  333 1.15e-004 +5.8994208e+002 ****OutTrReg +9.73e-001 7  ++ P
 +8.47e-005  334 2.29e-004 +5.8994208e+002 ****OutTrReg +9.39e-001 7  ++ P
 +2.70e-004  335 4.59e-004 +5.8994208e+002 ****Converg  +5.67e-001 7  +  P
 +1.56e-004  336 4.59e-004 +5.8994208e+002 ****OutTrReg +8.83e-001 7  +  P
 +4.76e-004  337 4.59e-004 +5.8994208e+002 ****Converg  +4.30e-001 7  +  P
 +3.01e-004  338 4.59e-004 +5.8994208e+002 ****Converg  +4.58e-001 7  +  P
 +1.95e-004  339 4.59e-004 +5.8994208e+002 ****Converg  -8.85e-001 7  -  P
 +1.95e-004  340 1.77e-004 +5.8994208e+002 ****OutTrReg +1.57e-001 7  +  P
 +1.01e-003  341 1.77e-004 +5.8994208e+002 ****Converg  +4.70e-001 7  +  P
 +6.09e-004  342 1.77e-004 +5.8994208e+002 ****Converg  +4.39e-001 7  +  P
 +3.97e-004  343 1.77e-004 +5.8994208e+002 ****Converg  +4.44e-001 7  +  P
 +2.64e-004  344 1.77e-004 +5.8994208e+002 ****OutTrReg +8.13e-001 7  +  P
 +4.17e-004  345 1.77e-004 +5.8994207e+002 ****Converg  +4.93e-001 7  +  P
 +2.55e-004  346 1.77e-004 +5.8994207e+002 ****Converg  +6.03e-001 7  +  P
 +1.43e-004  347 1.77e-004 +5.8994207e+002 ****OutTrReg +7.52e-001 7  +  P
 +5.10e-004  348 1.77e-004 +5.8994207e+002 ****Converg  +4.14e-001 7  +  P
 +3.21e-004  349 1.77e-004 +5.8994207e+002 ****Converg  +4.78e-001 7  +  P
 +1.93e-004  350 1.77e-004 +5.8994207e+002 ****OutTrReg +4.11e-001 7  +  P
 +7.03e-004  351 1.77e-004 +5.8994207e+002 ****Converg  +4.95e-001 7  +  P
 +4.38e-004  352 1.77e-004 +5.8994207e+002 ****Converg  +4.35e-001 7  +  P
 +2.87e-004  353 1.77e-004 +5.8994207e+002 ****Converg  +4.47e-001 7  +  P
 +1.92e-004  354 1.77e-004 +5.8994207e+002 ****OutTrReg +8.79e-001 7  +  P
 +3.65e-004  355 1.77e-004 +5.8994207e+002 ****Converg  +7.68e-001 7  +  P
 +1.42e-004  356 1.77e-004 +5.8994207e+002 ****OutTrReg +8.73e-001 7  +  P
 +3.26e-004  357 1.77e-004 +5.8994207e+002 ****Converg  +5.31e-001 7  +  P
 +2.04e-004  358 1.77e-004 +5.8994207e+002 ****Converg  +6.52e-001 7  +  P
 +1.15e-004  359 1.77e-004 +5.8994207e+002 ****OutTrReg +8.21e-001 7  +  P
 +4.14e-004  360 1.77e-004 +5.8994207e+002 ****Converg  +4.13e-001 7  +  P
 +2.71e-004  361 1.77e-004 +5.8994207e+002 ****Converg  +4.82e-001 7  +  P
 +1.68e-004  362 1.77e-004 +5.8994207e+002 ****OutTrReg +4.87e-001 7  +  P
 +6.21e-004  363 1.77e-004 +5.8994207e+002 ****Converg  +5.05e-001 7  +  P
 +3.90e-004  364 1.77e-004 +5.8994207e+002 ****Converg  +4.36e-001 7  +  P
 +2.60e-004  365 1.77e-004 +5.8994207e+002 ****Converg  +4.47e-001 7  +  P
 +1.78e-004  366 1.77e-004 +5.8994207e+002 ****OutTrReg +8.72e-001 7  +  P
 +3.69e-004  367 1.77e-004 +5.8994207e+002 ****Converg  +7.66e-001 7  +  P
 +1.44e-004  368 1.77e-004 +5.8994207e+002 ****OutTrReg +8.60e-001 7  +  P
 +3.37e-004  369 1.77e-004 +5.8994206e+002 ****Converg  +5.21e-001 7  +  P
 +2.11e-004  370 1.77e-004 +5.8994206e+002 ****Converg  +6.39e-001 7  +  P
 +1.20e-004  371 1.77e-004 +5.8994206e+002 ****OutTrReg +7.82e-001 7  +  P
 +4.58e-004  372 1.77e-004 +5.8994206e+002 ****Converg  +4.14e-001 7  +  P
 +2.93e-004  373 1.77e-004 +5.8994206e+002 ****Converg  +4.80e-001 7  +  P
 +1.77e-004  374 1.77e-004 +5.8994206e+002 ****OutTrReg +4.10e-001 7  +  P
 +6.79e-004  375 1.77e-004 +5.8994206e+002 ****Converg  +4.87e-001 7  +  P
 +4.23e-004  376 1.77e-004 +5.8994206e+002 ****Converg  +4.36e-001 7  +  P
 +2.79e-004  377 1.77e-004 +5.8994206e+002 ****Converg  +4.47e-001 7  +  P
 +1.87e-004  378 1.77e-004 +5.8994206e+002 ****OutTrReg +8.25e-001 7  +  P
 +4.36e-004  379 1.77e-004 +5.8994206e+002 ****Converg  +4.90e-001 7  +  P
 +2.61e-004  380 1.77e-004 +5.8994206e+002 ****Converg  +6.77e-001 7  +  P
 +1.31e-004  381 1.77e-004 +5.8994206e+002 ****OutTrReg +5.04e-001 7  +  P
 +6.28e-004  382 1.77e-004 +5.8994206e+002 ****Converg  +4.18e-001 7  +  P
 +3.95e-004  383 1.77e-004 +5.8994206e+002 ****Converg  +4.71e-001 7  +  P
 +2.28e-004  384 1.77e-004 +5.8994206e+002 ****OutTrReg +2.07e-001 7  +  P
 +9.27e-004  385 1.77e-004 +5.8994206e+002 ****Converg  +4.15e-001 7  +  P
 +5.72e-004  386 1.77e-004 +5.8994206e+002 ****Converg  +4.78e-001 7  +  P
 +3.23e-004  387 1.77e-004 +5.8994206e+002 ****OutTrReg +1.52e-001 7  +  P
 +1.06e-003  388 1.77e-004 +5.8994206e+002 ****Converg  +4.18e-001 7  +  P
 +6.83e-004  389 1.77e-004 +5.8994206e+002 ****Converg  +4.76e-001 7  +  P
 +3.82e-004  390 1.77e-004 +5.8994206e+002 ****Converg  +4.08e-001 7  +  P
 +2.67e-004  391 1.77e-004 +5.8994206e+002 ****Converg  +4.82e-001 7  +  P
 +1.68e-004  392 1.77e-004 +5.8994206e+002 ****OutTrReg +1.76e-001 7  +  P
 +9.31e-004  393 1.77e-004 +5.8994206e+002 ****Converg  +4.14e-001 7  +  P
 +6.02e-004  394 1.77e-004 +5.8994206e+002 ****Converg  +4.84e-001 7  +  P
 +3.39e-004  395 1.77e-004 +5.8994206e+002 ****OutTrReg +1.49e-001 7  +  P
 +1.06e-003  396 1.77e-004 +5.8994206e+002 ****Converg  +4.19e-001 7  +  P
 +6.58e-004  397 1.77e-004 +5.8994206e+002 ****Converg  +4.71e-001 7  +  P
 +3.66e-004  398 1.77e-004 +5.8994206e+002 ****Converg  +4.08e-001 7  +  P
 +2.55e-004  399 1.77e-004 +5.8994206e+002 ****Converg  +4.80e-001 7  +  P
 +1.63e-004  400 1.77e-004 +5.8994206e+002 ****OutTrReg +1.45e-001 7  +  P
 +9.41e-004  401 1.77e-004 +5.8994206e+002 ****Converg  +4.14e-001 7  +  P
 +6.21e-004  402 1.77e-004 +5.8994206e+002 ****Converg  +4.86e-001 7  +  P
 +3.50e-004  403 1.77e-004 +5.8994205e+002 ****OutTrReg +1.36e-001 7  +  P
 +1.07e-003  404 1.77e-004 +5.8994205e+002 ****Converg  +4.20e-001 7  +  P
 +6.59e-004  405 1.77e-004 +5.8994205e+002 ****Converg  +4.70e-001 7  +  P
 +3.66e-004  406 1.77e-004 +5.8994205e+002 ****Converg  +4.08e-001 7  +  P
 +2.54e-004  407 1.77e-004 +5.8994205e+002 ****Converg  +4.80e-001 7  +  P
 +1.63e-004  408 1.77e-004 +5.8994205e+002 ****OutTrReg +1.23e-001 7  +  P
 +9.49e-004  409 1.77e-004 +5.8994205e+002 ****Converg  +4.14e-001 7  +  P
 +6.30e-004  410 1.77e-004 +5.8994205e+002 ****Converg  +4.87e-001 7  +  P
 +3.55e-004  411 1.77e-004 +5.8994205e+002 ****OutTrReg +1.25e-001 7  +  P
 +1.08e-003  412 1.77e-004 +5.8994205e+002 ****Converg  +4.20e-001 7  +  P
 +6.61e-004  413 1.77e-004 +5.8994205e+002 ****Converg  +4.70e-001 7  +  P
 +3.67e-004  414 1.77e-004 +5.8994205e+002 ****Converg  +4.08e-001 7  +  P
 +2.55e-004  415 1.77e-004 +5.8994205e+002 ****Converg  +4.80e-001 7  +  P
 +1.63e-004  416 1.77e-004 +5.8994205e+002 ****OutTrReg +1.06e-001 7  +  P
 +9.56e-004  417 1.77e-004 +5.8994205e+002 ****Converg  +4.14e-001 7  +  P
 +6.33e-004  418 1.77e-004 +5.8994205e+002 ****Converg  +4.87e-001 7  +  P
 +3.56e-004  419 1.77e-004 +5.8994205e+002 ****OutTrReg +1.14e-001 7  +  P
 +1.08e-003  420 1.77e-004 +5.8994205e+002 ****Converg  +4.20e-001 7  +  P
 +6.64e-004  421 1.77e-004 +5.8994205e+002 ****Converg  +4.69e-001 7  +  P
 +3.69e-004  422 1.77e-004 +5.8994205e+002 ****Converg  +4.08e-001 7  +  P
 +2.56e-004  423 1.77e-004 +5.8994205e+002 ****Converg  +4.80e-001 7  +  P
 +1.64e-004  424 1.77e-004 +5.8994205e+002 ****OutTrReg +9.04e-002 7  +  P
 +9.61e-004  425 1.77e-004 +5.8994205e+002 ****Converg  +4.14e-001 7  +  P
 +6.36e-004  426 1.77e-004 +5.8994205e+002 ****Converg  +4.86e-001 7  +  P
 +3.57e-004  427 1.77e-004 +5.8994205e+002 ****OutTrReg +1.03e-001 7  +  P
 +1.09e-003  428 1.77e-004 +5.8994205e+002 ****Converg  +4.20e-001 7  +  P
 +6.66e-004  429 1.77e-004 +5.8994205e+002 ****Converg  +4.69e-001 7  +  P
 +3.70e-004  430 1.77e-004 +5.8994205e+002 ****Converg  +4.08e-001 7  +  P
 +2.56e-004  431 1.77e-004 +5.8994205e+002 ****Converg  +4.81e-001 7  +  P
 +1.64e-004  432 1.77e-004 +5.8994205e+002 ****OutTrReg +7.55e-002 7  +  P
 +9.67e-004  433 1.77e-004 +5.8994205e+002 ****Converg  +4.14e-001 7  +  P
 +6.38e-004  434 1.77e-004 +5.8994205e+002 ****Converg  +4.86e-001 7  +  P
 +3.58e-004  435 1.77e-004 +5.8994205e+002 ****OutTrReg +9.24e-002 7  +  P
 +1.10e-003  436 1.77e-004 +5.8994205e+002 ****Converg  +4.20e-001 7  +  P
 +6.69e-004  437 1.77e-004 +5.8994205e+002 ****Converg  +4.69e-001 7  +  P
 +3.71e-004  438 1.77e-004 +5.8994205e+002 ****Converg  +4.08e-001 7  +  P
 +2.57e-004  439 1.77e-004 +5.8994205e+002 ****Converg  +4.81e-001 7  +  P
 +1.64e-004  440 1.77e-004 +5.8994205e+002 ****OutTrReg +6.12e-002 7  +  P
 +9.72e-004  441 1.77e-004 +5.8994205e+002 ****Converg  +4.15e-001 7  +  P
 +6.40e-004  442 1.77e-004 +5.8994205e+002 ****Converg  +4.86e-001 7  +  P
 +3.59e-004  443 1.77e-004 +5.8994205e+002 ****OutTrReg +8.17e-002 7  +  P
 +1.10e-003  444 1.77e-004 +5.8994205e+002 ****Converg  +4.20e-001 7  +  P
 +6.72e-004  445 1.77e-004 +5.8994205e+002 ****Converg  +4.69e-001 7  +  P
 +3.72e-004  446 1.77e-004 +5.8994205e+002 ****Converg  +4.08e-001 7  +  P
 +2.58e-004  447 1.77e-004 +5.8994205e+002 ****Converg  +4.81e-001 7  +  P
 +1.65e-004  448 1.77e-004 +5.8994205e+002 ****OutTrReg +4.72e-002 7  +  P
 +9.78e-004  449 1.77e-004 +5.8994205e+002 ****Converg  +4.15e-001 7  +  P
 +6.42e-004  450 1.77e-004 +5.8994205e+002 ****Converg  +4.86e-001 7  +  P
 +3.60e-004  451 1.77e-004 +5.8994204e+002 ****OutTrReg +7.09e-002 7  +  P
 +1.11e-003  452 1.77e-004 +5.8994204e+002 ****Converg  +4.20e-001 7  +  P
 +6.74e-004  453 1.77e-004 +5.8994204e+002 ****Converg  +4.69e-001 7  +  P
 +3.74e-004  454 1.77e-004 +5.8994204e+002 ****Converg  +4.08e-001 7  +  P
 +2.59e-004  455 1.77e-004 +5.8994204e+002 ****Converg  +4.81e-001 7  +  P
 +1.65e-004  456 1.77e-004 +5.8994204e+002 ****OutTrReg +3.36e-002 7  +  P
 +9.83e-004  457 1.77e-004 +5.8994204e+002 ****Converg  +4.15e-001 7  +  P
 +6.44e-004  458 1.77e-004 +5.8994204e+002 ****Converg  +4.86e-001 7  +  P
 +3.61e-004  459 1.77e-004 +5.8994204e+002 ****OutTrReg +6.00e-002 7  +  P
 +1.11e-003  460 1.77e-004 +5.8994204e+002 ****Converg  +4.20e-001 7  +  P
 +6.77e-004  461 1.77e-004 +5.8994204e+002 ****Converg  +4.69e-001 7  +  P
 +3.75e-004  462 1.77e-004 +5.8994204e+002 ****Converg  +4.08e-001 7  +  P
 +2.60e-004  463 1.77e-004 +5.8994204e+002 ****Converg  +4.82e-001 7  +  P
 +1.65e-004  464 1.77e-004 +5.8994204e+002 ****OutTrReg +2.04e-002 7  +  P
 +9.89e-004  465 1.77e-004 +5.8994204e+002 ****Converg  +4.15e-001 7  +  P
 +6.47e-004  466 1.77e-004 +5.8994204e+002 ****Converg  +4.85e-001 7  +  P
 +3.62e-004  467 1.77e-004 +5.8994204e+002 ****OutTrReg +4.90e-002 7  +  P
 +1.12e-003  468 1.77e-004 +5.8994204e+002 ****Converg  +4.20e-001 7  +  P
 +6.80e-004  469 1.77e-004 +5.8994204e+002 ****Converg  +4.69e-001 7  +  P
 +3.76e-004  470 1.77e-004 +5.8994204e+002 ****Converg  +4.07e-001 7  +  P
 +2.60e-004  471 1.77e-004 +5.8994204e+002 ****Converg  +4.82e-001 7  +  P
 +1.66e-004  472 1.77e-004 +5.8994204e+002 ****OutTrReg +7.52e-003 7  -  P
 +1.66e-004  473 8.86e-005 +5.8994204e+002 ****OutTrReg +3.32e-001 7  +  P
 +5.59e-004  474 8.86e-005 +5.8994204e+002 ****Converg  +6.25e-001 7  +  P
 +3.60e-004  475 8.86e-005 +5.8994204e+002 ****Converg  +4.31e-001 7  +  P
 +2.28e-004  476 8.86e-005 +5.8994204e+002 ****Converg  +4.52e-001 7  +  P
 +1.44e-004  477 8.86e-005 +5.8994204e+002 ****OutTrReg +9.74e-001 7  ++ P
 +8.01e-005  478 1.77e-004 +5.8994204e+002 ****OutTrReg +9.04e-001 7  ++ P
 +2.18e-004  479 3.54e-004 +5.8994204e+002 ****Converg  +5.08e-001 7  +  P
 +1.55e-004  480 3.54e-004 +5.8994204e+002 ****Converg  +7.32e-001 7  +  P
 +8.81e-005  481 3.54e-004 +5.8994204e+002 ****OutTrReg +4.68e-001 7  +  P
 +8.81e-004  482 3.54e-004 +5.8994204e+002 ****Converg  +4.16e-001 7  +  P
 +5.23e-004  483 3.54e-004 +5.8994204e+002 ****Converg  +4.79e-001 7  +  P
 +3.06e-004  484 3.54e-004 +5.8994204e+002 ****Converg  -1.17e+000 7  -  P
 +3.06e-004  485 1.72e-004 +5.8994204e+002 ****OutTrReg +2.29e-002 7  +  P
 +1.27e-003  486 1.72e-004 +5.8994204e+002 ****Converg  +4.78e-001 7  +  P
 +7.73e-004  487 1.72e-004 +5.8994204e+002 ****Converg  +4.35e-001 7  +  P
 +4.71e-004  488 1.72e-004 +5.8994204e+002 ****Converg  +4.46e-001 7  +  P
 +2.83e-004  489 1.72e-004 +5.8994204e+002 ****Converg  +4.50e-001 7  +  P
 +1.81e-004  490 1.72e-004 +5.8994204e+002 ****OutTrReg +7.04e-003 7  -  P
 +1.81e-004  491 8.62e-005 +5.8994204e+002 ****OutTrReg +5.34e-001 7  +  P
 +5.11e-004  492 8.62e-005 +5.8994204e+002 ****Converg  +4.86e-001 7  +  P
 +2.90e-004  493 8.62e-005 +5.8994204e+002 ****Converg  +4.33e-001 7  +  P
 +1.99e-004  494 8.62e-005 +5.8994204e+002 ****Converg  +4.59e-001 7  +  P
 +1.34e-004  495 8.62e-005 +5.8994204e+002 ****OutTrReg +9.97e-001 7  ++ P
 +2.11e-005  496 1.72e-004 +5.8994203e+002 ****OutTrReg +9.24e-001 7  ++ P
 +3.66e-004  497 3.45e-004 +5.8994203e+002 ****Converg  +4.30e-001 7  +  P
 +2.34e-004  498 3.45e-004 +5.8994203e+002 ****Converg  +4.54e-001 7  +  P
 +1.42e-004  499 3.45e-004 +5.8994203e+002 ****OutTrReg +7.25e-001 7  +  P
 +6.18e-004  500 3.45e-004 +5.8994203e+002 ****Converg  +4.70e-001 7  +  P
 +3.65e-004  501 3.45e-004 +5.8994203e+002 ****Converg  +6.17e-001 7  +  P
 +2.03e-004  502 3.45e-004 +5.8994203e+002 ****Converg  -1.19e+000 7  -  P
 +2.03e-004  503 1.65e-004 +5.8994203e+002 ****OutTrReg +1.53e-001 7  +  P
 +9.12e-004  504 1.65e-004 +5.8994203e+002 ****Converg  +4.20e-001 7  +  P
 +5.54e-004  505 1.65e-004 +5.8994203e+002 ****Converg  +4.69e-001 7  +  P
 +3.08e-004  506 1.65e-004 +5.8994203e+002 ****Converg  +4.07e-001 7  +  P
 +2.16e-004  507 1.65e-004 +5.8994203e+002 ****Converg  +4.82e-001 7  +  P
 +1.41e-004  508 1.65e-004 +5.8994203e+002 ****OutTrReg +1.78e-002 7  +  P
 +8.98e-004  509 1.65e-004 +5.8994203e+002 ****Converg  +4.15e-001 7  +  P
 +5.92e-004  510 1.65e-004 +5.8994203e+002 ****Converg  +4.87e-001 7  +  P
 +3.32e-004  511 1.65e-004 +5.8994203e+002 ****OutTrReg +4.62e-002 7  +  P
 +1.05e-003  512 1.65e-004 +5.8994203e+002 ****Converg  +4.21e-001 7  +  P
 +6.38e-004  513 1.65e-004 +5.8994203e+002 ****Converg  +4.69e-001 7  +  P
 +3.53e-004  514 1.65e-004 +5.8994203e+002 ****Converg  +4.08e-001 7  +  P
 +2.44e-004  515 1.65e-004 +5.8994203e+002 ****Converg  +4.82e-001 7  +  P
 +1.55e-004  516 1.65e-004 +5.8994203e+002 ****OutTrReg -5.39e-004 7  -  P
 +1.55e-004  517 8.24e-005 +5.8994203e+002 ****OutTrReg +3.35e-001 7  +  P
 +5.21e-004  518 8.24e-005 +5.8994203e+002 ****Converg  +6.20e-001 7  +  P
 +3.34e-004  519 8.24e-005 +5.8994203e+002 ****Converg  +4.32e-001 7  +  P
 +2.12e-004  520 8.24e-005 +5.8994203e+002 ****Converg  +4.52e-001 7  +  P
 +1.33e-004  521 8.24e-005 +5.8994203e+002 ****OutTrReg +9.75e-001 7  ++ P
 +7.26e-005  522 1.65e-004 +5.8994203e+002 ****OutTrReg +9.06e-001 7  ++ P
 +2.00e-004  523 3.30e-004 +5.8994203e+002 ****Converg  +5.10e-001 7  +  P
 +1.42e-004  524 3.30e-004 +5.8994203e+002 ****Converg  +7.34e-001 7  +  P
 +8.05e-005  525 3.30e-004 +5.8994203e+002 ****OutTrReg +4.65e-001 7  +  P
 +8.18e-004  526 3.30e-004 +5.8994203e+002 ****Converg  +4.16e-001 7  +  P
 +4.85e-004  527 3.30e-004 +5.8994203e+002 ****Converg  +4.79e-001 7  +  P
 +2.83e-004  528 3.30e-004 +5.8994203e+002 ****Converg  -1.17e+000 7  -  P
 +2.83e-004  529 1.60e-004 +5.8994203e+002 ****OutTrReg +2.11e-002 7  +  P
 +1.18e-003  530 1.60e-004 +5.8994203e+002 ****Converg  +4.79e-001 7  +  P
 +7.17e-004  531 1.60e-004 +5.8994203e+002 ****Converg  +4.35e-001 7  +  P
 +4.36e-004  532 1.60e-004 +5.8994203e+002 ****Converg  +4.46e-001 7  +  P
 +2.62e-004  533 1.60e-004 +5.8994203e+002 ****Converg  +4.50e-001 7  +  P
 +1.68e-004  534 1.60e-004 +5.8994203e+002 ****OutTrReg +3.74e-003 7  -  P
 +1.68e-004  535 7.98e-005 +5.8994203e+002 ****OutTrReg +5.33e-001 7  +  P
 +4.73e-004  536 7.98e-005 +5.8994203e+002 ****Converg  +4.86e-001 7  +  P
 +2.67e-004  537 7.98e-005 +5.8994203e+002 ****Converg  +4.33e-001 7  +  P
 +1.84e-004  538 7.98e-005 +5.8994203e+002 ****Converg  +4.59e-001 7  +  P
 +1.23e-004  539 7.98e-005 +5.8994203e+002 ****OutTrReg +9.97e-001 7  ++ P
 +1.95e-005  540 1.60e-004 +5.8994202e+002 ****OutTrReg +9.32e-001 7  ++ P
 +3.12e-004  541 3.19e-004 +5.8994202e+002 ****Converg  +4.29e-001 7  +  P
 +2.01e-004  542 3.19e-004 +5.8994202e+002 ****Converg  +4.56e-001 7  +  P
 +1.24e-004  543 3.19e-004 +5.8994202e+002 ****OutTrReg +7.46e-001 7  +  P
 +5.49e-004  544 3.19e-004 +5.8994202e+002 ****Converg  +4.81e-001 7  +  P
 +3.23e-004  545 3.19e-004 +5.8994202e+002 ****Converg  +6.20e-001 7  +  P
 +1.79e-004  546 3.19e-004 +5.8994202e+002 ****Converg  -1.18e+000 7  -  P
 +1.79e-004  547 1.53e-004 +5.8994202e+002 ****OutTrReg +1.58e-001 7  +  P
 +8.24e-004  548 1.53e-004 +5.8994202e+002 ****Converg  +4.21e-001 7  +  P
 +5.00e-004  549 1.53e-004 +5.8994202e+002 ****Converg  +4.70e-001 7  +  P
 +2.78e-004  550 1.53e-004 +5.8994202e+002 ****Converg  +4.07e-001 7  +  P
 +1.97e-004  551 1.53e-004 +5.8994202e+002 ****Converg  +4.83e-001 7  +  P
 +1.29e-004  552 1.53e-004 +5.8994202e+002 ****OutTrReg +5.68e-003 7  -  P
 +1.29e-004  553 7.67e-005 +5.8994202e+002 ****OutTrReg +3.07e-001 7  +  P
 +4.69e-004  554 7.67e-005 +5.8994202e+002 ****Converg  +6.40e-001 7  +  P
 +3.05e-004  555 7.67e-005 +5.8994202e+002 ****Converg  +4.33e-001 7  +  P
 +1.94e-004  556 7.67e-005 +5.8994202e+002 ****Converg  +4.51e-001 7  +  P
 +1.23e-004  557 7.67e-005 +5.8994202e+002 ****OutTrReg +9.87e-001 7  ++ P
 +4.29e-005  558 1.53e-004 +5.8994202e+002 ****OutTrReg +9.41e-001 7  ++ P
 +1.28e-004  559 3.07e-004 +5.8994202e+002 ****OutTrReg +1.97e-001 7  +  P
 +9.32e-004  560 3.07e-004 +5.8994202e+002 ****Converg  +4.18e-001 7  +  P
 +5.48e-004  561 3.07e-004 +5.8994202e+002 ****Converg  +4.77e-001 7  +  P
 +3.18e-004  562 3.07e-004 +5.8994202e+002 ****OutTrReg -1.09e+000 7  -  P
 +3.18e-004  563 1.53e-004 +5.8994202e+002 ****OutTrReg -4.08e-003 7  -  P
 +3.18e-004  564 7.67e-005 +5.8994202e+002 ****OutTrReg +1.80e-001 7  +  P
 +7.50e-004  565 7.67e-005 +5.8994202e+002 ****Converg  +6.60e-001 7  +  P
 +4.97e-004  566 7.67e-005 +5.8994202e+002 ****Converg  +4.22e-001 7  +  P
 +3.14e-004  567 7.67e-005 +5.8994202e+002 ****Converg  +4.68e-001 7  +  P
 +1.80e-004  568 7.67e-005 +5.8994202e+002 ****OutTrReg +4.65e-001 7  +  P
 +3.85e-004  569 7.67e-005 +5.8994202e+002 ****Converg  +5.69e-001 7  +  P
 +2.45e-004  570 7.67e-005 +5.8994202e+002 ****Converg  +4.30e-001 7  +  P
 +1.61e-004  571 7.67e-005 +5.8994202e+002 ****Converg  +4.56e-001 7  +  P
 +1.05e-004  572 7.67e-005 +5.8994202e+002 ****OutTrReg +9.55e-001 7  ++ P
 +6.82e-005  573 1.53e-004 +5.8994202e+002 ****OutTrReg +9.09e-001 7  ++ P
 +2.32e-004  574 3.07e-004 +5.8994202e+002 ****Converg  +4.18e-001 7  +  P
 +1.47e-004  575 3.07e-004 +5.8994202e+002 ****Converg  +4.76e-001 7  +  P
 +9.75e-005  576 3.07e-004 +5.8994202e+002 ****OutTrReg +1.31e-002 7  +  P
 +8.50e-004  577 3.07e-004 +5.8994202e+002 ****Converg  +4.11e-001 7  +  P
 +5.67e-004  578 3.07e-004 +5.8994202e+002 ****Converg  +4.85e-001 7  +  P
 +3.22e-004  579 3.07e-004 +5.8994202e+002 ****Converg  -1.09e+000 7  -  P
 +3.22e-004  580 1.52e-004 +5.8994202e+002 ****OutTrReg +1.27e-001 7  +  P
 +1.06e-003  581 1.52e-004 +5.8994202e+002 ****Converg  +4.21e-001 7  +  P
 +6.57e-004  582 1.52e-004 +5.8994202e+002 ****Converg  +4.75e-001 7  +  P
 +3.62e-004  583 1.52e-004 +5.8994202e+002 ****Converg  +4.12e-001 7  +  P
 +2.43e-004  584 1.52e-004 +5.8994202e+002 ****Converg  +4.82e-001 7  +  P
 +1.45e-004  585 1.52e-004 +5.8994202e+002 ****OutTrReg +1.89e-001 7  +  P
 +6.57e-004  586 1.52e-004 +5.8994202e+002 ****Converg  +4.16e-001 7  +  P
 +4.38e-004  587 1.52e-004 +5.8994201e+002 ****Converg  +4.84e-001 7  +  P
 +2.47e-004  588 1.52e-004 +5.8994201e+002 ****OutTrReg -1.18e-001 7  -  P
 +2.47e-004  589 7.60e-005 +5.8994201e+002 ****OutTrReg +3.90e-001 7  +  P
 +5.30e-004  590 7.60e-005 +5.8994201e+002 ****Converg  +4.22e-001 7  +  P
 +3.38e-004  591 7.60e-005 +5.8994201e+002 ****Converg  +4.75e-001 7  +  P
 +1.92e-004  592 7.60e-005 +5.8994201e+002 ****Converg  +4.17e-001 7  +  P
 +1.35e-004  593 7.60e-005 +5.8994201e+002 ****Converg  +4.74e-001 7  +  P
 +9.04e-005  594 7.60e-005 +5.8994201e+002 ****OutTrReg +7.53e-001 7  +  P
 +1.91e-004  595 7.60e-005 +5.8994201e+002 ****Converg  +7.42e-001 7  +  P
 +1.36e-004  596 7.60e-005 +5.8994201e+002 ****OutTrReg +9.53e-001 7  ++ P
 +8.38e-005  597 1.52e-004 +5.8994201e+002 ****OutTrReg +8.62e-001 7  +  P
 +2.74e-004  598 1.52e-004 +5.8994201e+002 ****Converg  +4.16e-001 7  +  P
 +1.73e-004  599 1.52e-004 +5.8994201e+002 ****Converg  +4.80e-001 7  +  P
 +1.08e-004  600 1.52e-004 +5.8994201e+002 ****OutTrReg +3.39e-001 7  +  P
 +5.28e-004  601 1.52e-004 +5.8994201e+002 ****Converg  +4.83e-001 7  +  P
 +3.30e-004  602 1.52e-004 +5.8994201e+002 ****Converg  +4.40e-001 7  +  P
 +2.19e-004  603 1.52e-004 +5.8994201e+002 ****Converg  +4.47e-001 7  +  P
 +1.49e-004  604 1.52e-004 +5.8994201e+002 ****OutTrReg +4.97e-001 7  +  P
 +5.60e-004  605 1.52e-004 +5.8994201e+002 ****Converg  +4.40e-001 7  +  P
 +3.11e-004  606 1.52e-004 +5.8994201e+002 ****Converg  +4.60e-001 7  +  P
 +1.91e-004  607 1.52e-004 +5.8994201e+002 ****OutTrReg +3.25e-002 7  +  P
 +8.94e-004  608 1.52e-004 +5.8994201e+002 ****Converg  +4.31e-001 7  +  P
 +5.06e-004  609 1.52e-004 +5.8994201e+002 ****Converg  +4.56e-001 7  +  P
 +2.84e-004  610 1.52e-004 +5.8994201e+002 ****Converg  +4.14e-001 7  +  P
 +1.94e-004  611 1.52e-004 +5.8994201e+002 ****Converg  +4.77e-001 7  +  P
 +1.31e-004  612 1.52e-004 +5.8994201e+002 ****OutTrReg -3.07e-001 7  -  P
 +1.31e-004  613 7.60e-005 +5.8994201e+002 ****OutTrReg +3.48e-001 7  +  P
 +5.14e-004  614 7.60e-005 +5.8994201e+002 ****Converg  +5.53e-001 7  +  P
 +3.17e-004  615 7.60e-005 +5.8994201e+002 ****Converg  +4.32e-001 7  +  P
 +1.98e-004  616 7.60e-005 +5.8994201e+002 ****Converg  +4.54e-001 7  +  P
 +1.22e-004  617 7.60e-005 +5.8994201e+002 ****OutTrReg +9.73e-001 7  ++ P
 +7.09e-005  618 1.52e-004 +5.8994201e+002 ****OutTrReg +8.80e-001 7  +  P
 +2.03e-004  619 1.52e-004 +5.8994201e+002 ****Converg  +4.16e-001 7  +  P
 +1.46e-004  620 1.52e-004 +5.8994201e+002 ****Converg  +4.76e-001 7  +  P
 +9.48e-005  621 1.52e-004 +5.8994201e+002 ****OutTrReg +3.42e-001 7  +  P
 +6.20e-004  622 1.52e-004 +5.8994201e+002 ****Converg  +4.12e-001 7  +  P
 +4.00e-004  623 1.52e-004 +5.8994201e+002 ****Converg  +4.89e-001 7  +  P
 +2.28e-004  624 1.52e-004 +5.8994201e+002 ****OutTrReg -4.99e-002 7  -  P
 +2.28e-004  625 7.60e-005 +5.8994201e+002 ****OutTrReg +3.91e-001 7  +  P
 +5.49e-004  626 7.60e-005 +5.8994201e+002 ****Converg  +5.06e-001 7  +  P
 +3.33e-004  627 7.60e-005 +5.8994201e+002 ****Converg  +4.28e-001 7  +  P
 +2.08e-004  628 7.60e-005 +5.8994201e+002 ****Converg  +4.60e-001 7  +  P
 +1.23e-004  629 7.60e-005 +5.8994201e+002 ****OutTrReg +8.34e-001 7  +  P
 +1.64e-004  630 7.60e-005 +5.8994201e+002 ****Converg  +6.86e-001 7  +  P
 +1.11e-004  631 7.60e-005 +5.8994201e+002 ****OutTrReg +9.80e-001 7  ++ P
 +4.07e-005  632 1.52e-004 +5.8994201e+002 ****OutTrReg +9.49e-001 7  ++ P
 +1.54e-004  633 3.04e-004 +5.8994201e+002 ****OutTrReg -4.87e-002 7  -  P
 +1.54e-004  634 1.52e-004 +5.8994201e+002 ****OutTrReg +4.80e-001 7  +  P
 +4.51e-004  635 1.52e-004 +5.8994201e+002 ****Converg  +4.16e-001 7  +  P
 +2.92e-004  636 1.52e-004 +5.8994201e+002 ****Converg  +4.78e-001 7  +  P
 +1.67e-004  637 1.52e-004 +5.8994201e+002 ****OutTrReg -1.98e-001 7  -  P
 +1.67e-004  638 7.60e-005 +5.8994201e+002 ****OutTrReg +3.83e-001 7  +  P
 +4.71e-004  639 7.60e-005 +5.8994201e+002 ****Converg  +4.20e-001 7  +  P
 +3.20e-004  640 7.60e-005 +5.8994201e+002 ****Converg  +4.85e-001 7  +  P
 +1.83e-004  641 7.60e-005 +5.8994201e+002 ****Converg  +4.90e-001 7  +  P
 +1.22e-004  642 7.60e-005 +5.8994201e+002 ****Converg  +7.22e-001 7  +  P
 +6.95e-005  643 7.60e-005 +5.8994201e+002 ****OutTrReg +7.89e-001 7  +  P
 +1.92e-004  644 7.60e-005 +5.8994201e+002 ****Converg  +5.56e-001 7  +  P
 +1.19e-004  645 7.60e-005 +5.8994201e+002 ****Converg  +6.57e-001 7  +  P
 +6.79e-005  646 7.60e-005 +5.8994201e+002 ****OutTrReg +9.03e-001 7  ++ P
 +1.50e-004  647 1.52e-004 +5.8994201e+002 ****Converg  +5.80e-001 7  +  P
 +8.66e-005  648 1.52e-004 +5.8994201e+002 ****OutTrReg +9.94e-001 7  ++ P
 +5.92e-005  649 3.04e-004 +5.8994201e+002 ****OutTrReg +8.58e-001 7  +  P
 +3.53e-004  650 3.04e-004 +5.8994200e+002 ****Converg  +4.61e-001 7  +  P
 +1.99e-004  651 3.04e-004 +5.8994200e+002 ****Converg  +7.91e-001 7  +  P
 +8.00e-005  652 3.04e-004 +5.8994200e+002 ****Converg  -1.09e+000 7  -  P
 +8.00e-005  653 1.30e-004 +5.8994200e+002 ****OutTrReg +2.44e-001 7  +  P
 +6.04e-004  654 1.30e-004 +5.8994200e+002 ****Converg  +4.23e-001 7  +  P
 +3.59e-004  655 1.30e-004 +5.8994200e+002 ****Converg  +4.67e-001 7  +  P
 +2.01e-004  656 1.30e-004 +5.8994200e+002 ****OutTrReg -1.01e-001 7  -  P
 +2.01e-004  657 6.51e-005 +5.8994200e+002 ****OutTrReg +3.62e-001 7  +  P
 +4.50e-004  658 6.51e-005 +5.8994200e+002 ****Converg  +4.96e-001 7  +  P
 +2.71e-004  659 6.51e-005 +5.8994200e+002 ****Converg  +4.33e-001 7  +  P
 +1.72e-004  660 6.51e-005 +5.8994200e+002 ****Converg  +4.54e-001 7  +  P
 +1.08e-004  661 6.51e-005 +5.8994200e+002 ****OutTrReg +9.93e-001 7  ++ P
 +2.53e-005  662 1.30e-004 +5.8994200e+002 ****OutTrReg +9.58e-001 7  ++ P
 +7.32e-005  663 2.60e-004 +5.8994200e+002 ****OutTrReg +4.22e-001 7  +  P
 +6.56e-004  664 2.60e-004 +5.8994200e+002 ****Converg  +4.17e-001 7  +  P
 +3.88e-004  665 2.60e-004 +5.8994200e+002 ****Converg  +4.80e-001 7  +  P
 +2.26e-004  666 2.60e-004 +5.8994200e+002 ****Converg  -1.17e+000 7  -  P
 +2.26e-004  667 1.23e-004 +5.8994200e+002 ****OutTrReg +1.21e-002 7  +  P
 +9.28e-004  668 1.23e-004 +5.8994200e+002 ****Converg  +4.83e-001 7  +  P
 +5.66e-004  669 1.23e-004 +5.8994200e+002 ****Converg  +4.36e-001 7  +  P
 +3.43e-004  670 1.23e-004 +5.8994200e+002 ****Converg  +4.48e-001 7  +  P
 +2.05e-004  671 1.23e-004 +5.8994200e+002 ****Converg  +4.51e-001 7  +  P
 +1.30e-004  672 1.23e-004 +5.8994200e+002 ****OutTrReg -2.52e-002 7  -  P
 +1.30e-004  673 6.15e-005 +5.8994200e+002 ****OutTrReg +5.24e-001 7  +  P
 +3.64e-004  674 6.15e-005 +5.8994200e+002 ****Converg  +4.87e-001 7  +  P
 +2.05e-004  675 6.15e-005 +5.8994200e+002 ****Converg  +4.34e-001 7  +  P
 +1.41e-004  676 6.15e-005 +5.8994200e+002 ****Converg  +4.60e-001 7  +  P
 +9.42e-005  677 6.15e-005 +5.8994200e+002 ****OutTrReg +9.97e-001 7  ++ P
 +1.46e-005  678 1.23e-004 +5.8994200e+002 ****OutTrReg +9.56e-001 7  ++ P
 +1.75e-004  679 2.46e-004 +5.8994200e+002 ****Converg  +4.27e-001 7  +  P
 +1.20e-004  680 2.46e-004 +5.8994200e+002 ****Converg  +4.62e-001 7  +  P
 +7.91e-005  681 2.46e-004 +5.8994200e+002 ****OutTrReg +8.08e-001 7  +  P
 +3.62e-004  682 2.46e-004 +5.8994200e+002 ****Converg  +5.24e-001 7  +  P
 +2.12e-004  683 2.46e-004 +5.8994200e+002 ****Converg  +6.32e-001 7  +  P
 +1.15e-004  684 2.46e-004 +5.8994200e+002 ****Converg  -1.17e+000 7  -  P
 +1.15e-004  685 1.21e-004 +5.8994200e+002 ****OutTrReg +1.75e-001 7  +  P
 +5.87e-004  686 1.21e-004 +5.8994200e+002 ****Converg  +4.21e-001 7  +  P
 +3.56e-004  687 1.21e-004 +5.8994200e+002 ****Converg  +4.71e-001 7  +  P
 +1.98e-004  688 1.21e-004 +5.8994200e+002 ****OutTrReg -9.74e-002 7  -  P
 +1.98e-004  689 6.04e-005 +5.8994200e+002 ****OutTrReg +3.74e-001 7  +  P
 +4.25e-004  690 6.04e-005 +5.8994200e+002 ****Converg  +4.23e-001 7  +  P
 +2.93e-004  691 6.04e-005 +5.8994200e+002 ****Converg  +4.84e-001 7  +  P
 +1.68e-004  692 6.04e-005 +5.8994200e+002 ****Converg  +4.18e-001 7  +  P
 +1.19e-004  693 6.04e-005 +5.8994200e+002 ****Converg  +4.77e-001 7  +  P
 +7.74e-005  694 6.04e-005 +5.8994200e+002 ****OutTrReg +7.99e-001 7  +  P
 +1.43e-004  695 6.04e-005 +5.8994200e+002 ****Converg  +7.20e-001 7  +  P
 +9.90e-005  696 6.04e-005 +5.8994200e+002 ****OutTrReg +9.62e-001 7  ++ P
 +5.69e-005  697 1.21e-004 +5.8994200e+002 ****OutTrReg +8.99e-001 7  +  P
 +1.85e-004  698 1.21e-004 +5.8994200e+002 ****Converg  +4.15e-001 7  +  P
 +1.21e-004  699 1.21e-004 +5.8994200e+002 ****Converg  +4.83e-001 7  +  P
 +7.88e-005  700 1.21e-004 +5.8994200e+002 ****OutTrReg +4.54e-001 7  +  P
 +3.71e-004  701 1.21e-004 +5.8994200e+002 ****Converg  +5.13e-001 7  +  P
 +2.35e-004  702 1.21e-004 +5.8994200e+002 ****Converg  +4.41e-001 7  +  P
 +1.57e-004  703 1.21e-004 +5.8994200e+002 ****Converg  +4.47e-001 7  +  P
 +1.08e-004  704 1.21e-004 +5.8994200e+002 ****OutTrReg +5.66e-001 7  +  P
 +4.23e-004  705 1.21e-004 +5.8994200e+002 ****Converg  +4.46e-001 7  +  P
 +2.35e-004  706 1.21e-004 +5.8994200e+002 ****Converg  +4.59e-001 7  +  P
 +1.48e-004  707 1.21e-004 +5.8994200e+002 ****OutTrReg +6.66e-002 7  +  P
 +6.67e-004  708 1.21e-004 +5.8994200e+002 ****Converg  +4.64e-001 7  +  P
 +3.71e-004  709 1.21e-004 +5.8994200e+002 ****Converg  +4.42e-001 7  +  P
 +2.32e-004  710 1.21e-004 +5.8994200e+002 ****Converg  +4.42e-001 7  +  P
 +1.54e-004  711 1.21e-004 +5.8994200e+002 ****OutTrReg +4.26e-001 7  +  P
 +4.85e-004  712 1.21e-004 +5.8994200e+002 ****Converg  +4.40e-001 7  +  P
 +2.66e-004  713 1.21e-004 +5.8994200e+002 ****Converg  +4.58e-001 7  +  P
 +1.60e-004  714 1.21e-004 +5.8994200e+002 ****OutTrReg +7.86e-003 7  -  P
 +1.60e-004  715 6.04e-005 +5.8994200e+002 ****OutTrReg +4.69e-001 7  +  P
 +4.13e-004  716 6.04e-005 +5.8994200e+002 ****Converg  +4.33e-001 7  +  P
 +2.39e-004  717 6.04e-005 +5.8994200e+002 ****Converg  +4.53e-001 7  +  P
 +1.37e-004  718 6.04e-005 +5.8994200e+002 ****Converg  +4.35e-001 7  +  P
 +8.95e-005  719 6.04e-005 +5.8994200e+002 ****OutTrReg +9.27e-001 7  ++ P
 +1.07e-004  720 1.21e-004 +5.8994200e+002 ****Converg  +4.36e-001 7  +  P
 +7.53e-005  721 1.21e-004 +5.8994200e+002 ****OutTrReg +9.41e-001 7  ++ P
 +4.82e-005  722 2.42e-004 +5.8994200e+002 ****OutTrReg +9.20e-001 7  ++ P
 +2.59e-004  723 4.84e-004 +5.8994199e+002 ****Converg  +4.22e-001 7  +  P
 +1.52e-004  724 4.84e-004 +5.8994199e+002 ****Converg  +4.77e-001 7  +  P
 +9.43e-005  725 4.84e-004 +5.8994199e+002 ****Converg  -1.17e+000 7  -  P
 +9.43e-005  726 1.22e-004 +5.8994199e+002 ****OutTrReg +4.50e-002 7  +  P
 +5.26e-004  727 1.22e-004 +5.8994199e+002 ****Converg  +4.84e-001 7  +  P
 +3.28e-004  728 1.22e-004 +5.8994199e+002 ****Converg  +4.41e-001 7  +  P
 +2.11e-004  729 1.22e-004 +5.8994199e+002 ****Converg  +4.46e-001 7  +  P
 +1.39e-004  730 1.22e-004 +5.8994199e+002 ****OutTrReg +3.82e-001 7  +  P
 +4.82e-004  731 1.22e-004 +5.8994199e+002 ****Converg  +4.36e-001 7  +  P
 +2.67e-004  732 1.22e-004 +5.8994199e+002 ****Converg  +4.62e-001 7  +  P
 +1.60e-004  733 1.22e-004 +5.8994199e+002 ****OutTrReg -1.54e-001 7  -  P
 +1.60e-004  734 6.10e-005 +5.8994199e+002 ****OutTrReg +4.18e-001 7  +  P
 +4.43e-004  735 6.10e-005 +5.8994199e+002 ****Converg  +4.27e-001 7  +  P
 +2.77e-004  736 6.10e-005 +5.8994199e+002 ****Converg  +4.69e-001 7  +  P
 +1.58e-004  737 6.10e-005 +5.8994199e+002 ****Converg  +4.29e-001 7  +  P
 +1.05e-004  738 6.10e-005 +5.8994199e+002 ****Converg  +4.60e-001 7  +  P
 +6.99e-005  739 6.10e-005 +5.8994199e+002 ****OutTrReg +9.59e-001 7  ++ P
 +6.71e-005  740 1.22e-004 +5.8994199e+002 ****OutTrReg +8.40e-001 7  +  P
 +1.92e-004  741 1.22e-004 +5.8994199e+002 ****Converg  +4.19e-001 7  +  P
 +1.31e-004  742 1.22e-004 +5.8994199e+002 ****Converg  +4.74e-001 7  +  P
 +8.14e-005  743 1.22e-004 +5.8994199e+002 ****OutTrReg +1.35e-001 7  +  P
 +5.47e-004  744 1.22e-004 +5.8994199e+002 ****Converg  +4.14e-001 7  +  P
 +3.40e-004  745 1.22e-004 +5.8994199e+002 ****Converg  +4.85e-001 7  +  P
 +1.93e-004  746 1.22e-004 +5.8994199e+002 ****OutTrReg -9.57e-002 7  -  P
 +1.93e-004  747 6.10e-005 +5.8994199e+002 ****OutTrReg +3.54e-001 7  +  P
 +4.70e-004  748 6.10e-005 +5.8994199e+002 ****Converg  +5.20e-001 7  +  P
 +2.88e-004  749 6.10e-005 +5.8994199e+002 ****Converg  +4.29e-001 7  +  P
 +1.77e-004  750 6.10e-005 +5.8994199e+002 ****Converg  +4.60e-001 7  +  P
 +1.03e-004  751 6.10e-005 +5.8994199e+002 ****OutTrReg +7.94e-001 7  +  P
 +1.48e-004  752 6.10e-005 +5.8994199e+002 ****Converg  +6.38e-001 7  +  P
 +9.80e-005  753 6.10e-005 +5.8994199e+002 ****Converg  +6.55e-001 7  +  P
 +5.56e-005  754 6.10e-005 +5.8994199e+002 ****OutTrReg +8.72e-001 7  +  P
 +1.42e-004  755 6.10e-005 +5.8994199e+002 ****Converg  +5.21e-001 7  +  P
 +8.42e-005  756 6.10e-005 +5.8994199e+002 ****Converg  +7.28e-001 7  +  P
 +4.74e-005  757 6.10e-005 +5.8994199e+002 ****OutTrReg +8.50e-001 7  +  P
 +1.22e-004  758 6.10e-005 +5.8994199e+002 ****Converg  +5.91e-001 7  +  P
 +7.65e-005  759 6.10e-005 +5.8994199e+002 ****OutTrReg +9.84e-001 7  ++ P
 +2.61e-005  760 1.22e-004 +5.8994199e+002 ****OutTrReg +9.62e-001 7  ++ P
 +1.03e-004  761 2.44e-004 +5.8994199e+002 ****OutTrReg +5.90e-002 7  +  P
 +6.08e-004  762 2.44e-004 +5.8994199e+002 ****Converg  +4.18e-001 7  +  P
 +3.78e-004  763 2.44e-004 +5.8994199e+002 ****Converg  +4.75e-001 7  +  P
 +2.16e-004  764 2.44e-004 +5.8994199e+002 ****Converg  -1.08e+000 7  -  P
 +2.16e-004  765 1.10e-004 +5.8994199e+002 ****OutTrReg +6.57e-002 7  +  P
 +7.71e-004  766 1.10e-004 +5.8994199e+002 ****Converg  +4.22e-001 7  +  P
 +5.33e-004  767 1.10e-004 +5.8994199e+002 ****Converg  +4.88e-001 7  +  P
 +2.98e-004  768 1.10e-004 +5.8994199e+002 ****Converg  +4.14e-001 7  +  P
 +2.05e-004  769 1.10e-004 +5.8994199e+002 ****Converg  +4.87e-001 7  +  P
 +1.18e-004  770 1.10e-004 +5.8994199e+002 ****OutTrReg +1.33e-001 7  +  P
 +4.83e-004  771 1.10e-004 +5.8994199e+002 ****Converg  +4.18e-001 7  +  P
 +3.03e-004  772 1.10e-004 +5.8994199e+002 ****Converg  +4.78e-001 7  +  P
 +1.69e-004  773 1.10e-004 +5.8994199e+002 ****OutTrReg -1.69e-001 7  -  P
 +1.69e-004  774 5.49e-005 +5.8994199e+002 ****OutTrReg +3.62e-001 7  +  P
 +3.84e-004  775 5.49e-005 +5.8994199e+002 ****Converg  +4.24e-001 7  +  P
 +2.56e-004  776 5.49e-005 +5.8994199e+002 ****Converg  +4.82e-001 7  +  P
 +1.46e-004  777 5.49e-005 +5.8994199e+002 ****Converg  +4.19e-001 7  +  P
 +1.02e-004  778 5.49e-005 +5.8994199e+002 ****Converg  +4.76e-001 7  +  P
 +6.59e-005  779 5.49e-005 +5.8994199e+002 ****OutTrReg +7.89e-001 7  +  P
 +1.30e-004  780 5.49e-005 +5.8994199e+002 ****Converg  +7.02e-001 7  +  P
 +8.91e-005  781 5.49e-005 +5.8994199e+002 ****OutTrReg +9.68e-001 7  ++ P
 +4.48e-005  782 1.10e-004 +5.8994199e+002 ****OutTrReg +9.02e-001 7  ++ P
 +1.59e-004  783 2.20e-004 +5.8994199e+002 ****Converg  +4.72e-001 7  +  P
 +9.81e-005  784 2.20e-004 +5.8994199e+002 ****Converg  +7.20e-001 7  +  P
 +5.73e-005  785 2.20e-004 +5.8994199e+002 ****OutTrReg +3.42e-002 7  +  P
 +5.72e-004  786 2.20e-004 +5.8994199e+002 ****Converg  +4.17e-001 7  +  P
 +3.56e-004  787 2.20e-004 +5.8994199e+002 ****Converg  +4.76e-001 7  +  P
 +2.03e-004  788 2.20e-004 +5.8994199e+002 ****Converg  -1.08e+000 7  -  P
 +2.03e-004  789 1.03e-004 +5.8994199e+002 ****OutTrReg +7.77e-002 7  +  P
 +7.22e-004  790 1.03e-004 +5.8994199e+002 ****Converg  +4.22e-001 7  +  P
 +4.92e-004  791 1.03e-004 +5.8994199e+002 ****Converg  +4.87e-001 7  +  P
 +2.74e-004  792 1.03e-004 +5.8994199e+002 ****Converg  +4.14e-001 7  +  P
 +1.88e-004  793 1.03e-004 +5.8994199e+002 ****Converg  +4.87e-001 7  +  P
 +1.09e-004  794 1.03e-004 +5.8994199e+002 ****OutTrReg +1.55e-001 7  +  P
 +4.51e-004  795 1.03e-004 +5.8994199e+002 ****Converg  +4.18e-001 7  +  P
 +2.85e-004  796 1.03e-004 +5.8994199e+002 ****Converg  +4.79e-001 7  +  P
 +1.60e-004  797 1.03e-004 +5.8994199e+002 ****OutTrReg -1.53e-001 7  -  P
 +1.60e-004  798 5.17e-005 +5.8994199e+002 ****OutTrReg +3.71e-001 7  +  P
 +3.59e-004  799 5.17e-005 +5.8994199e+002 ****Converg  +4.23e-001 7  +  P
 +2.38e-004  800 5.17e-005 +5.8994199e+002 ****Converg  +4.81e-001 7  +  P
 +1.35e-004  801 5.17e-005 +5.8994199e+002 ****Converg  +4.19e-001 7  +  P
 +9.47e-005  802 5.17e-005 +5.8994199e+002 ****Converg  +4.76e-001 7  +  P
 +6.18e-005  803 5.17e-005 +5.8994199e+002 ****OutTrReg +7.82e-001 7  +  P
 +1.24e-004  804 5.17e-005 +5.8994199e+002 ****Converg  +7.12e-001 7  +  P
 +8.58e-005  805 5.17e-005 +5.8994199e+002 ****OutTrReg +9.65e-001 7  ++ P
 +4.59e-005  806 1.03e-004 +5.8994199e+002 ****OutTrReg +8.92e-001 7  +  P
 +1.59e-004  807 1.03e-004 +5.8994199e+002 ****Converg  +4.16e-001 7  +  P
 +1.03e-004  808 1.03e-004 +5.8994199e+002 ****Converg  +4.84e-001 7  +  P
 +6.59e-005  809 1.03e-004 +5.8994199e+002 ****OutTrReg +3.76e-001 7  +  P
 +3.34e-004  810 1.03e-004 +5.8994199e+002 ****Converg  +4.88e-001 7  +  P
 +2.10e-004  811 1.03e-004 +5.8994199e+002 ****Converg  +4.42e-001 7  +  P
 +1.40e-004  812 1.03e-004 +5.8994199e+002 ****Converg  +4.48e-001 7  +  P
 +9.58e-005  813 1.03e-004 +5.8994199e+002 ****OutTrReg +4.48e-001 7  +  P
 +3.86e-004  814 1.03e-004 +5.8994199e+002 ****Converg  +4.39e-001 7  +  P
 +2.14e-004  815 1.03e-004 +5.8994199e+002 ****Converg  +4.62e-001 7  +  P
 +1.30e-004  816 1.03e-004 +5.8994199e+002 ****OutTrReg -4.32e-002 7  -  P
 +1.30e-004  817 5.17e-005 +5.8994199e+002 ****OutTrReg +4.57e-001 7  +  P
 +3.68e-004  818 5.17e-005 +5.8994199e+002 ****Converg  +4.34e-001 7  +  P
 +2.11e-004  819 5.17e-005 +5.8994199e+002 ****Converg  +4.53e-001 7  +  P
 +1.20e-004  820 5.17e-005 +5.8994199e+002 ****Converg  +4.36e-001 7  +  P
 +7.69e-005  821 5.17e-005 +5.8994199e+002 ****OutTrReg +9.09e-001 7  ++ P
 +9.82e-005  822 1.03e-004 +5.8994199e+002 ****Converg  +4.29e-001 7  +  P
 +6.83e-005  823 1.03e-004 +5.8994199e+002 ****OutTrReg +9.93e-001 7  ++ P
 +2.19e-005  824 2.07e-004 +5.8994199e+002 ****OutTrReg +1.00e+000 7  ++ P
 +4.32e-005  825 4.14e-004 +5.8994199e+002 ****OutTrReg +4.29e-001 7  +  P
 +5.47e-004  826 4.14e-004 +5.8994199e+002 ****Converg  +4.13e-001 7  +  P
 +3.68e-004  827 4.14e-004 +5.8994198e+002 ****Converg  +4.83e-001 7  +  P
 +2.11e-004  828 4.14e-004 +5.8994198e+002 ****Converg  -1.09e+000 7  -  P
 +2.11e-004  829 1.08e-004 +5.8994198e+002 ****OutTrReg +9.62e-002 7  +  P
 +7.67e-004  830 1.08e-004 +5.8994198e+002 ****Converg  +4.22e-001 7  +  P
 +5.11e-004  831 1.08e-004 +5.8994198e+002 ****Converg  +4.85e-001 7  +  P
 +2.83e-004  832 1.08e-004 +5.8994198e+002 ****Converg  +4.15e-001 7  +  P
 +1.91e-004  833 1.08e-004 +5.8994198e+002 ****Converg  +4.86e-001 7  +  P
 +1.09e-004  834 1.08e-004 +5.8994198e+002 ****OutTrReg -4.12e-002 7  -  P
 +1.09e-004  835 5.39e-005 +5.8994198e+002 ****OutTrReg +4.23e-001 7  +  P
 +2.74e-004  836 5.39e-005 +5.8994198e+002 ****Converg  +4.23e-001 7  +  P
 +1.90e-004  837 5.39e-005 +5.8994198e+002 ****Converg  +4.84e-001 7  +  P
 +1.10e-004  838 5.39e-005 +5.8994198e+002 ****Converg  +5.16e-001 7  +  P
 +7.09e-005  839 5.39e-005 +5.8994198e+002 ****Converg  +7.24e-001 7  +  P
 +4.00e-005  840 5.39e-005 +5.8994198e+002 ****OutTrReg +8.54e-001 7  +  P
 +1.28e-004  841 5.39e-005 +5.8994198e+002 ****Converg  +5.36e-001 7  +  P
 +7.44e-005  842 5.39e-005 +5.8994198e+002 ****Converg  +7.05e-001 7  +  P
 +4.09e-005  843 5.39e-005 +5.8994198e+002 ****OutTrReg +8.07e-001 7  +  P
 +1.22e-004  844 5.39e-005 +5.8994198e+002 ****Converg  +5.33e-001 7  +  P
 +7.58e-005  845 5.39e-005 +5.8994198e+002 ****Converg  +6.69e-001 7  +  P
 +4.26e-005  846 5.39e-005 +5.8994198e+002 ****OutTrReg +8.73e-001 7  +  P
 +1.18e-004  847 5.39e-005 +5.8994198e+002 ****Converg  +5.30e-001 7  +  P
 +6.90e-005  848 5.39e-005 +5.8994198e+002 ****Converg  +7.24e-001 7  +  P
 +3.81e-005  849 5.39e-005 +5.8994198e+002 ****OutTrReg +8.26e-001 7  +  P
 +1.13e-004  850 5.39e-005 +5.8994198e+002 ****Converg  +5.53e-001 7  +  P
 +7.06e-005  851 5.39e-005 +5.8994198e+002 ****OutTrReg +9.87e-001 7  ++ P
 +1.67e-005  852 1.08e-004 +5.8994198e+002 ****OutTrReg +9.74e-001 7  ++ P
 +7.24e-005  853 2.15e-004 +5.8994198e+002 ****OutTrReg +1.33e-001 7  +  P
 +4.86e-004  854 2.15e-004 +5.8994198e+002 ****Converg  +4.18e-001 7  +  P
 +3.05e-004  855 2.15e-004 +5.8994198e+002 ****Converg  +4.77e-001 7  +  P
 +1.74e-004  856 2.15e-004 +5.8994198e+002 ****Converg  -1.08e+000 7  -  P
 +1.74e-004  857 8.99e-005 +5.8994198e+002 ****OutTrReg +6.43e-002 7  +  P
 +6.30e-004  858 8.99e-005 +5.8994198e+002 ****Converg  +4.23e-001 7  +  P
 +4.38e-004  859 8.99e-005 +5.8994198e+002 ****Converg  +4.89e-001 7  +  P
 +2.44e-004  860 8.99e-005 +5.8994198e+002 ****Converg  +4.15e-001 7  +  P
 +1.68e-004  861 8.99e-005 +5.8994198e+002 ****Converg  +4.88e-001 7  +  P
 +9.67e-005  862 8.99e-005 +5.8994198e+002 ****OutTrReg +1.19e-001 7  +  P
 +3.95e-004  863 8.99e-005 +5.8994198e+002 ****Converg  +4.19e-001 7  +  P
 +2.47e-004  864 8.99e-005 +5.8994198e+002 ****Converg  +4.78e-001 7  +  P
 +1.38e-004  865 8.99e-005 +5.8994198e+002 ****OutTrReg -1.81e-001 7  -  P
 +1.38e-004  866 4.49e-005 +5.8994198e+002 ****OutTrReg +3.56e-001 7  +  P
 +3.15e-004  867 4.49e-005 +5.8994198e+002 ****Converg  +4.24e-001 7  +  P
 +2.11e-004  868 4.49e-005 +5.8994198e+002 ****Converg  +4.83e-001 7  +  P
 +1.20e-004  869 4.49e-005 +5.8994198e+002 ****Converg  +4.20e-001 7  +  P
 +8.35e-005  870 4.49e-005 +5.8994198e+002 ****Converg  +4.77e-001 7  +  P
 +5.37e-005  871 4.49e-005 +5.8994198e+002 ****OutTrReg +7.91e-001 7  +  P
 +1.05e-004  872 4.49e-005 +5.8994198e+002 ****Converg  +6.95e-001 7  +  P
 +7.20e-005  873 4.49e-005 +5.8994198e+002 ****OutTrReg +9.70e-001 7  ++ P
 +3.47e-005  874 8.99e-005 +5.8994198e+002 ****OutTrReg +9.07e-001 7  ++ P
 +1.26e-004  875 1.80e-004 +5.8994198e+002 ****Converg  +4.78e-001 7  +  P
 +7.69e-005  876 1.80e-004 +5.8994198e+002 ****Converg  +7.26e-001 7  +  P
 +4.48e-005  877 1.80e-004 +5.8994198e+002 ****OutTrReg +4.58e-002 7  +  P
 +4.60e-004  878 1.80e-004 +5.8994198e+002 ****Converg  +4.17e-001 7  +  P
 +2.87e-004  879 1.80e-004 +5.8994198e+002 ****Converg  +4.77e-001 7  +  P
 +1.63e-004  880 1.80e-004 +5.8994198e+002 ****Converg  -1.08e+000 7  -  P
 +1.63e-004  881 8.36e-005 +5.8994198e+002 ****OutTrReg +7.75e-002 7  +  P
 +5.83e-004  882 8.36e-005 +5.8994198e+002 ****Converg  +4.22e-001 7  +  P
 +3.98e-004  883 8.36e-005 +5.8994198e+002 ****Converg  +4.88e-001 7  +  P
 +2.21e-004  884 8.36e-005 +5.8994198e+002 ****Converg  +4.14e-001 7  +  P
 +1.52e-004  885 8.36e-005 +5.8994198e+002 ****Converg  +4.88e-001 7  +  P
 +8.80e-005  886 8.36e-005 +5.8994198e+002 ****OutTrReg +1.53e-001 7  +  P
 +3.64e-004  887 8.36e-005 +5.8994198e+002 ****Converg  +4.18e-001 7  +  P
 +2.30e-004  888 8.36e-005 +5.8994198e+002 ****Converg  +4.79e-001 7  +  P
 +1.29e-004  889 8.36e-005 +5.8994198e+002 ****OutTrReg -1.55e-001 7  -  P
 +1.29e-004  890 4.18e-005 +5.8994198e+002 ****OutTrReg +3.70e-001 7  +  P
 +2.90e-004  891 4.18e-005 +5.8994198e+002 ****Converg  +4.24e-001 7  +  P
 +1.92e-004  892 4.18e-005 +5.8994198e+002 ****Converg  +4.82e-001 7  +  P
 +1.09e-004  893 4.18e-005 +5.8994198e+002 ****Converg  +4.19e-001 7  +  P
 +7.64e-005  894 4.18e-005 +5.8994198e+002 ****Converg  +4.77e-001 7  +  P
 +4.98e-005  895 4.18e-005 +5.8994198e+002 ****OutTrReg +7.82e-001 7  +  P
 +1.00e-004  896 4.18e-005 +5.8994198e+002 ****Converg  +7.11e-001 7  +  P
 +6.92e-005  897 4.18e-005 +5.8994198e+002 ****OutTrReg +9.65e-001 7  ++ P
 +3.68e-005  898 8.36e-005 +5.8994198e+002 ****OutTrReg +8.92e-001 7  +  P
 +1.28e-004  899 8.36e-005 +5.8994198e+002 ****Converg  +4.16e-001 7  +  P
 +8.30e-005  900 8.36e-005 +5.8994198e+002 ****Converg  +4.85e-001 7  +  P
 +5.31e-005  901 8.36e-005 +5.8994198e+002 ****OutTrReg +3.74e-001 7  +  P
 +2.69e-004  902 8.36e-005 +5.8994198e+002 ****Converg  +4.88e-001 7  +  P
 +1.69e-004  903 8.36e-005 +5.8994198e+002 ****Converg  +4.42e-001 7  +  P
 +1.13e-004  904 8.36e-005 +5.8994198e+002 ****Converg  +4.49e-001 7  +  P
 +7.73e-005  905 8.36e-005 +5.8994198e+002 ****OutTrReg +4.44e-001 7  +  P
 +3.12e-004  906 8.36e-005 +5.8994198e+002 ****Converg  +4.39e-001 7  +  P
 +1.73e-004  907 8.36e-005 +5.8994198e+002 ****Converg  +4.62e-001 7  +  P
 +1.05e-004  908 8.36e-005 +5.8994198e+002 ****OutTrReg -4.94e-002 7  -  P
 +1.05e-004  909 4.18e-005 +5.8994198e+002 ****OutTrReg +4.55e-001 7  +  P
 +2.98e-004  910 4.18e-005 +5.8994198e+002 ****Converg  +4.34e-001 7  +  P
 +1.71e-004  911 4.18e-005 +5.8994198e+002 ****Converg  +4.54e-001 7  +  P
 +9.76e-005  912 4.18e-005 +5.8994198e+002 ****Converg  +4.36e-001 7  +  P
 +6.25e-005  913 4.18e-005 +5.8994198e+002 ****OutTrReg +9.12e-001 7  ++ P
 +7.77e-005  914 8.36e-005 +5.8994198e+002 ****Converg  +4.44e-001 7  +  P
 +5.22e-005  915 8.36e-005 +5.8994198e+002 ****OutTrReg +9.84e-001 7  ++ P
 +1.85e-005  916 1.67e-004 +5.8994198e+002 ****OutTrReg +1.00e+000 7  ++ P
 +3.42e-005  917 3.35e-004 +5.8994198e+002 ****OutTrReg +5.25e-001 7  +  P
 +4.03e-004  918 3.35e-004 +5.8994198e+002 ****Converg  +4.11e-001 7  +  P
 +2.90e-004  919 3.35e-004 +5.8994198e+002 ****Converg  +4.91e-001 7  +  P
 +1.66e-004  920 3.35e-004 +5.8994198e+002 ****Converg  -1.10e+000 7  -  P
 +1.66e-004  921 8.17e-005 +5.8994198e+002 ****OutTrReg +1.27e-001 7  +  P
 +5.76e-004  922 8.17e-005 +5.8994198e+002 ****Converg  +4.23e-001 7  +  P
 +3.60e-004  923 8.17e-005 +5.8994198e+002 ****Converg  +4.78e-001 7  +  P
 +1.97e-004  924 8.17e-005 +5.8994198e+002 ****Converg  +4.15e-001 7  +  P
 +1.31e-004  925 8.17e-005 +5.8994198e+002 ****Converg  +4.84e-001 7  +  P
 +7.63e-005  926 8.17e-005 +5.8994198e+002 ****OutTrReg +5.34e-002 7  +  P
 +3.58e-004  927 8.17e-005 +5.8994198e+002 ****Converg  +4.18e-001 7  +  P
 +2.26e-004  928 8.17e-005 +5.8994198e+002 ****Converg  +4.80e-001 7  +  P
 +1.26e-004  929 8.17e-005 +5.8994198e+002 ****OutTrReg -2.38e-001 7  -  P
 +1.26e-004  930 4.08e-005 +5.8994198e+002 ****OutTrReg +3.37e-001 7  +  P
 +2.90e-004  931 4.08e-005 +5.8994198e+002 ****Converg  +4.24e-001 7  +  P
 +1.91e-004  932 4.08e-005 +5.8994198e+002 ****Converg  +4.82e-001 7  +  P
 +1.08e-004  933 4.08e-005 +5.8994198e+002 ****Converg  +4.20e-001 7  +  P
 +7.43e-005  934 4.08e-005 +5.8994198e+002 ****Converg  +4.77e-001 7  +  P
 +4.72e-005  935 4.08e-005 +5.8994198e+002 ****OutTrReg +7.88e-001 7  +  P
 +9.48e-005  936 4.08e-005 +5.8994198e+002 ****Converg  +6.76e-001 7  +  P
 +6.41e-005  937 4.08e-005 +5.8994198e+002 ****Converg  +6.52e-001 7  +  P
 +3.68e-005  938 4.08e-005 +5.8994198e+002 ****OutTrReg +8.80e-001 7  +  P
 +9.02e-005  939 4.08e-005 +5.8994198e+002 ****Converg  +5.25e-001 7  +  P
 +5.37e-005  940 4.08e-005 +5.8994198e+002 ****OutTrReg +1.00e+000 7  ++ P
 Convergence reached...
 Run time: 00:13
 Solution = (21.793	-0.785286	-0.630772	0.0565193	0.00689929	0.00192226	1.86855	)
 Gradient = (-3.55143e-008	-0.00019749	0.000435048	-0.00247038	-0.000742111	-0.00198817	0.00193414	)
 Final log likelihood=-589.942
 Be patient... BIOGEME is preparing the output files
 Compute hessian by finite difference
 You can interrupt it by creating a file named STOP
 0%	[1/7] Est. term. time: 07/08/16 13:44:16 (in 00:00)
 10%	[2/7] Est. term. time: 07/08/16 13:44:16 (in 00:00)
 20%	[3/7] Est. term. time: 07/08/16 13:44:16 (in 00:00)
 30%	[4/7] Est. term. time: 07/08/16 13:44:16 (in 00:00)
 40%	[5/7] Est. term. time: 07/08/16 13:44:16 (in 00:00)
 50%	[6/7] Est. term. time: 07/08/16 13:44:16 (in 00:00)
 Run time for var/covar computation: 00:00
 BIOGEME Input files
 ===================
 Parameters:			default.par
 Model specification:		models/08jul_nested2.mod
 Sample 1 :				models-data/data_30junB.dat
 BIOGEME Output files
 ====================
 Estimation results:		models/08jul_nested2.rep
 Estimation results (HTML):	models/08jul_nested2.html
 Estimation results (Latex):	models/08jul_nested2.tex
 Estimation results (ALogit):	models/08jul_nested2.F12
 Result model spec. file:	models/08jul_nested2.res
 Sample statistics:		models/08jul_nested2.sta
 BIOGEME Debug files
 ===================
 Log file:			models/08jul_nested2.log
 Parameters debug:		parameters.out
 Model debug:			model.debug
 Model spec. file debug:		__specFile.debug
 Model informations: Nested Logit Model
 ==================
 The minimum argument of exp was -23.0445

 Run time for estimation:      00:13
 Total run time:               00:13
