This file has automatically been generated.
07/08/16 13:27:52
Michel Bierlaire, EPFL

biogeme 2.4 [Sun Oct 25 23:01:47 WEST 2015]
Michel Bierlaire, EPFL

[13:27:52]patFileNames.cc:52  models/08JUL_TT_betas.par does not exist
[13:27:52]patFileNames.cc:56  Trying default.par instead
[13:27:52]patBiogeme.cc:134  Read default.par
 Read headers in models-data/data_30junB.dat
 13 headers read in models-data/data_30junB.dat
 Total number of different headers: 13
 Read file models/08JUL_TT_betas.mod
 Opening file models-data/data_30junB.dat
 Data  file... line 500	Memory: 59 Kb
 Total obs.:   837
 Total memory: 99.8398 Kb
 Detailed info in models/08JUL_TT_betas.sta
 Nbr of attributes: 14
 Nbr of alternatives: 4
 Sample size: 838
 Nbr of groups: 1
 Nbr of betas: 7
 Run time for data processing: 00:00
 Dimension of the optimisation problem = 6
 Utility function: Linear-in-parameters
 Init loglike=-985.941
     gmax Iter   radius        f(x)     Status       rhok nFree
 +1.01e+000    1 1.00e+000 +9.8594093e+002 ****Converg  +1.12e+000 6  ++ P
 +1.01e+000    2 2.00e+000 +9.2878187e+002 ****OutTrReg +9.02e-001 6  ++ P
 +6.88e-001    3 4.00e+000 +6.4880589e+002 ****Converg  +1.24e+000 6  ++ P
 +4.11e-001    4 8.00e+000 +6.0426228e+002 ****Converg  -2.39e-001 6  -  P
 +4.11e-001    5 3.39e-001 +6.0426228e+002 ****OutTrReg +5.70e-001 6  +  P
 +1.01e+000    6 3.39e-001 +6.0126069e+002 ****Converg  +1.00e+000 6  ++ P
 +2.90e-001    7 6.77e-001 +5.9810671e+002 ****Converg  +1.01e+000 6  ++ P
 +2.31e-002    8 1.35e+000 +5.9795632e+002 ****OutTrReg +1.21e+000 6  ++ P
 +3.75e-002    9 2.71e+000 +5.9277970e+002 ****Converg  +1.09e+000 6  ++ P
 +3.07e-002   10 5.42e+000 +5.9112621e+002 ****Converg  +1.00e+000 6  ++ P
 +9.85e-003   11 1.08e+001 +5.9099968e+002 ****Converg  +1.03e+000 6  ++ P
 +1.17e-002   12 2.17e+001 +5.9093035e+002 ****Converg  +1.10e+000 6  ++ P
 +3.86e-003   13 4.33e+001 +5.9070919e+002 ****Converg  +1.18e+000 6  ++ P
 +9.13e-003   14 8.67e+001 +5.9034905e+002 ****Converg  +9.98e-001 6  ++ P
 +1.29e-003   15 1.73e+002 +5.9034888e+002 ****Converg  +1.26e+000 6  ++ P
 +2.55e-003   16 3.47e+002 +5.9025134e+002 ****Converg  +9.99e-001 6  ++ P
 +5.31e-004   17 6.93e+002 +5.9025132e+002 ****Converg  +1.26e+000 6  ++ P
 +9.56e-004   18 1.39e+003 +5.9021552e+002 ****Converg  +1.00e+000 6  ++ P
 +2.17e-004   19 2.77e+003 +5.9021551e+002 ****Converg  +1.26e+000 6  ++ P
 +3.57e-004   20 5.55e+003 +5.9020235e+002 ****Converg  +1.00e+000 6  ++ P
 +8.74e-005   21 1.11e+004 +5.9020235e+002 ****Converg  +1.26e+000 6  ++ P
 +1.32e-004   22 2.22e+004 +5.9019751e+002 ****Converg  +1.00e+000 6  ++ P
 +3.50e-005   23 4.44e+004 +5.9019751e+002 ****Converg  +1.26e+000 6  ++ P
 +4.86e-005   24 8.87e+004 +5.9019573e+002 ****Converg  +1.00e+000 6  ++ P
 +1.39e-005   25 1.77e+005 +5.9019573e+002 ****Converg  +1.26e+000 6  ++ P
 +1.79e-005   26 3.55e+005 +5.9019508e+002 ****Converg  +9.99e-001 6  ++ P
 Convergence reached...
 Run time: 00:00
 Solution = (14.2584	-0.491334	-1.17781	0.0927799	0.0113647	0.00324816	)
 Gradient = (-0.000381132	0.000427975	-8.04031e-005	-2.87317e-005	-0.000529799	-0.00135684	)
 Final log likelihood=-590.195
 Be patient... BIOGEME is preparing the output files
 Run time for var/covar computation: 00:00
 BIOGEME Input files
 ===================
 Parameters:			default.par
 Model specification:		models/08JUL_TT_betas.mod
 Sample 1 :				models-data/data_30junB.dat
 BIOGEME Output files
 ====================
 Estimation results:		models/08JUL_TT_betas.rep
 Estimation results (HTML):	models/08JUL_TT_betas.html
 Estimation results (Latex):	models/08JUL_TT_betas.tex
 Estimation results (ALogit):	models/08JUL_TT_betas.F12
 Result model spec. file:	models/08JUL_TT_betas.res
 Sample statistics:		models/08JUL_TT_betas.sta
 BIOGEME Debug files
 ===================
 Log file:			models/08JUL_TT_betas.log
 Parameters debug:		parameters.out
 Model debug:			model.debug
 Model spec. file debug:		__specFile.debug
 Model informations: Logit Model
 ==================
 The minimum argument of exp was -27.7802

 Run time for estimation:      00:00
 Total run time:               00:00
