This file has automatically been generated.
07/08/16 13:53:59
Michel Bierlaire, EPFL

biogeme 2.4 [Sun Oct 25 23:01:47 WEST 2015]
Michel Bierlaire, EPFL

[13:53:59]patFileNames.cc:52  models/08jul_nested3_res.par does not exist
[13:53:59]patFileNames.cc:56  Trying default.par instead
[13:53:59]patBiogeme.cc:134  Read default.par
 Read headers in models-data/data_30junB.dat
 13 headers read in models-data/data_30junB.dat
 Total number of different headers: 13
 Read file models/08jul_nested3_res.mod
Warning:  Lower bound on mu set to 1e-005
Warning:   Value defined by gevMinimumMu in default.par
 Opening file models-data/data_30junB.dat
 Data  file... line 500	Memory: 67 Kb
 Total obs.:   837
 Total memory: 112.934 Kb
 Detailed info in models/08jul_nested3_res.sta
 Nbr of attributes: 14
 Nbr of alternatives: 4
 Sample size: 838
 Nbr of groups: 1
 Nbr of betas: 8
 59%	[500/838] Est. term. time: 07/08/16 13:53:59 (in 00:00)
 BIOSIM Input file
 =================
 Model specification:	models/08jul_nested3_res.mod
 BIOSIM Output file
 ==================
 Sample enumeration:	models/08jul_nested3_res.enu
