This file has automatically been generated.
06/27/16 11:59:00
Michel Bierlaire, EPFL

biogeme 2.4 [Sun Oct 25 23:01:47 WEST 2015]
Michel Bierlaire, EPFL

[11:59:00]patFileNames.cc:52  models/26jun_4modes_res.par does not exist
[11:59:00]patFileNames.cc:56  Trying default.par instead
[11:59:00]patBiogeme.cc:134  Read default.par
 Read headers in models-data/data_26jun.dat
 11 headers read in models-data/data_26jun.dat
 Total number of different headers: 11
 Read file models/26jun_4modes_res.mod
Warning:  Lower bound on mu set to 1e-005
Warning:   Value defined by gevMinimumMu in default.par
 Opening file models-data/data_26jun.dat
 Data  file... line 500	Memory: 74 Kb
 Data  file... line 1000	Memory: 150 Kb
 Data  file... line 1500	Memory: 225 Kb
 Total obs.:   1595
 Total memory: 240.023 Kb
 Detailed info in models/26jun_4modes_res.sta
 Nbr of attributes: 12
 Nbr of alternatives: 4
 Sample size: 1596
 Nbr of groups: 1
 Nbr of betas: 6
 31%	[500/1596] Est. term. time: 06/27/16 11:59:00 (in 00:00)
 62%	[1000/1596] Est. term. time: 06/27/16 11:59:00 (in 00:00)
 93%	[1500/1596] Est. term. time: 06/27/16 11:59:00 (in 00:00)
 BIOSIM Input file
 =================
 Model specification:	models/26jun_4modes_res.mod
 BIOSIM Output file
 ==================
 Sample enumeration:	models/26jun_4modes_res.enu
