This file has automatically been generated.
07/26/16 10:39:55
Michel Bierlaire, EPFL

biogeme 2.4 [Sun Oct 25 23:01:47 WEST 2015]
Michel Bierlaire, EPFL

[10:39:55]patFileNames.cc:52  models/26jul_D_res.par does not exist
[10:39:55]patFileNames.cc:56  Trying default.par instead
[10:39:55]patBiogeme.cc:134  Read default.par
 Read headers in models-data/data_26jul_1.dat
 14 headers read in models-data/data_26jul_1.dat
 Total number of different headers: 14
 Read file models/26jul_D_res.mod
Warning:  Lower bound on mu set to 1e-005
Warning:   Value defined by gevMinimumMu in default.par
 Opening file models-data/data_26jul_1.dat
 Data  file... line 500	Memory: 59 Kb
 Total obs.:   837
 Total memory: 99.8398 Kb
 Detailed info in models/26jul_D_res.sta
 Nbr of attributes: 15
 Nbr of alternatives: 4
 Sample size: 838
 Nbr of groups: 1
 Nbr of betas: 7
 59%	[500/838] Est. term. time: 07/26/16 10:39:55 (in 00:00)
 BIOSIM Input file
 =================
 Model specification:	models/26jul_D_res.mod
 BIOSIM Output file
 ==================
 Sample enumeration:	models/26jul_D_res.enu
