This file has automatically been generated.
06/27/16 13:05:09
Michel Bierlaire, EPFL

biogeme 2.4 [Sun Oct 25 23:01:47 WEST 2015]
Michel Bierlaire, EPFL

[13:05:09]patFileNames.cc:52  models/27jun_b.par does not exist
[13:05:09]patFileNames.cc:56  Trying default.par instead
[13:05:09]patBiogeme.cc:134  Read default.par
 Read headers in models-data/data_27jun.dat
 12 headers read in models-data/data_27jun.dat
 Total number of different headers: 12
 Read file models/27jun_b.mod
 Opening file models-data/data_27jun.dat
 Data  file... line 500	Memory: 67 Kb
 Data  file... line 1000	Memory: 134 Kb
 Data  file... line 1500	Memory: 201 Kb
 Total obs.:   1595
 Total memory: 215.086 Kb
 Detailed info in models/27jun_b.sta
 Nbr of attributes: 13
 Nbr of alternatives: 4
 Sample size: 1596
 Nbr of groups: 1
 Nbr of betas: 7
 Run time for data processing: 00:00
 Dimension of the optimisation problem = 6
 Utility function: Linear-in-parameters
 Init loglike=-1899.53
     gmax Iter   radius        f(x)     Status       rhok nFree
 +5.26e-001    1 1.00e+000 +1.8995277e+003 ****OutTrReg +1.01e+000 6  ++ P
 +5.26e-001    2 2.00e+000 +1.3903916e+003 ****Converg  +1.16e+000 6  ++ P
 +5.26e-001    3 4.00e+000 +1.2002262e+003 ****Converg  +1.23e+000 6  ++ P
 +3.38e-001    4 8.00e+000 +1.1560811e+003 ****Converg  -1.58e+000 6  -  P
 +3.38e-001    5 8.39e-001 +1.1560811e+003 ****OutTrReg +8.59e-001 6  +  P
 +5.26e-001    6 8.39e-001 +1.1292227e+003 ****Converg  +1.07e+000 6  ++ P
 +1.10e-001    7 1.68e+000 +1.1269782e+003 ****Converg  +1.09e+000 6  ++ P
 +1.73e-001    8 3.35e+000 +1.1233374e+003 ****Converg  +7.77e-001 6  +  P
 +3.45e-001    9 3.35e+000 +1.1208353e+003 ****Converg  +1.04e+000 6  ++ P
 +6.97e-002   10 6.71e+000 +1.1183696e+003 ****Converg  +1.22e+000 6  ++ P
 +9.47e-002   11 1.34e+001 +1.1047588e+003 ****Converg  +1.00e+000 6  ++ P
 +8.00e-003   12 2.68e+001 +1.1047355e+003 ****Converg  +1.14e+000 6  ++ P
 +1.70e-002   13 5.37e+001 +1.1021572e+003 ****Converg  +1.01e+000 6  ++ P
 +3.29e-003   14 1.07e+002 +1.1021177e+003 ****Converg  +1.24e+000 6  ++ P
 +7.47e-003   15 2.15e+002 +1.1015783e+003 ****Converg  +1.00e+000 6  ++ P
 +1.34e-003   16 4.29e+002 +1.1015748e+003 ****Converg  +1.26e+000 6  ++ P
 +2.10e-003   17 8.59e+002 +1.1013914e+003 ****Converg  +1.00e+000 6  ++ P
 +5.43e-004   18 1.72e+003 +1.1013908e+003 ****Converg  +1.26e+000 6  ++ P
 +7.34e-004   19 3.43e+003 +1.1013247e+003 ****Converg  +1.00e+000 6  ++ P
 +2.19e-004   20 6.87e+003 +1.1013246e+003 ****Converg  +1.26e+000 6  ++ P
 +2.64e-004   21 1.37e+004 +1.1013005e+003 ****Converg  +1.00e+000 6  ++ P
 +8.79e-005   22 2.75e+004 +1.1013005e+003 ****Converg  +1.26e+000 6  ++ P
 +9.62e-005   23 5.50e+004 +1.1012917e+003 ****Converg  +1.00e+000 6  ++ P
 +3.50e-005   24 1.10e+005 +1.1012917e+003 ****Converg  +1.26e+000 6  ++ P
 +3.53e-005   25 2.20e+005 +1.1012884e+003 ****Converg  +1.00e+000 6  ++ P
 +1.39e-005   26 4.40e+005 +1.1012884e+003 ****Converg  +1.26e+000 6  ++ P
 +1.30e-005   27 8.79e+005 +1.1012872e+003 ****Converg  +1.00e+000 6  ++ P
 Convergence reached...
 Run time: 00:01
 Solution = (14.9615	0.124602	-0.0941517	0.0137963	-5.847e-013	0.000615873	)
 Gradient = (-0.000694122	-0.0012664	0.00156005	5.13654e-005	8.74154e-015	6.42719e-005	)
 Final log likelihood=-1101.29
 Be patient... BIOGEME is preparing the output files
 Run time for var/covar computation: 00:00
 BIOGEME Input files
 ===================
 Parameters:			default.par
 Model specification:		models/27jun_b.mod
 Sample 1 :				models-data/data_27jun.dat
 BIOGEME Output files
 ====================
 Estimation results:		models/27jun_b.rep
 Estimation results (HTML):	models/27jun_b.html
 Estimation results (Latex):	models/27jun_b.tex
 Estimation results (ALogit):	models/27jun_b.F12
 Result model spec. file:	models/27jun_b.res
 Sample statistics:		models/27jun_b.sta
 BIOGEME Debug files
 ===================
 Log file:			models/27jun_b.log
 Parameters debug:		parameters.out
 Model debug:			model.debug
 Model spec. file debug:		__specFile.debug
 Model informations: Logit Model
 ==================
 The minimum argument of exp was -19.3847

 Run time for estimation:      00:01
 Total run time:               00:01
