This file has automatically been generated.
06/27/16 13:05:26
Michel Bierlaire, EPFL

biogeme 2.4 [Sun Oct 25 23:01:47 WEST 2015]
Michel Bierlaire, EPFL

[13:05:26]patFileNames.cc:52  models/27jun_b_res.par does not exist
[13:05:26]patFileNames.cc:56  Trying default.par instead
[13:05:26]patBiogeme.cc:134  Read default.par
 Read headers in models-data/data_27jun.dat
 12 headers read in models-data/data_27jun.dat
 Total number of different headers: 12
 Read file models/27jun_b_res.mod
Warning:  Lower bound on mu set to 1e-005
Warning:   Value defined by gevMinimumMu in default.par
 Opening file models-data/data_27jun.dat
 Data  file... line 500	Memory: 67 Kb
 Data  file... line 1000	Memory: 134 Kb
 Data  file... line 1500	Memory: 201 Kb
 Total obs.:   1595
 Total memory: 215.086 Kb
 Detailed info in models/27jun_b_res.sta
 Nbr of attributes: 13
 Nbr of alternatives: 4
 Sample size: 1596
 Nbr of groups: 1
 Nbr of betas: 7
 31%	[500/1596] Est. term. time: 06/27/16 13:05:26 (in 00:00)
 62%	[1000/1596] Est. term. time: 06/27/16 13:05:26 (in 00:00)
 93%	[1500/1596] Est. term. time: 06/27/16 13:05:26 (in 00:00)
 BIOSIM Input file
 =================
 Model specification:	models/27jun_b_res.mod
 BIOSIM Output file
 ==================
 Sample enumeration:	models/27jun_b_res.enu
